22:28:19.559 [34mINFO [0;39m [main] [36mcom.bt.monitor.MonitorApplication[0;39m - Starting MonitorApplication on auguszero with PID 4932 (F:\github\monitor\target\classes started by chs in F:\github\monitor)
22:28:19.563 [34mINFO [0;39m [main] [36mcom.bt.monitor.MonitorApplication[0;39m - No active profile set, falling back to default profiles: default
22:28:21.301 [34mINFO [0;39m [main] [36morg.springframework.data.repository.config.RepositoryConfigurationDelegate[0;39m - Multiple Spring Data modules found, entering strict repository configuration mode!
22:28:21.306 [34mINFO [0;39m [main] [36morg.springframework.data.repository.config.RepositoryConfigurationDelegate[0;39m - Bootstrapping Spring Data repositories in DEFAULT mode.
22:28:21.377 [34mINFO [0;39m [main] [36morg.springframework.data.repository.config.RepositoryConfigurationDelegate[0;39m - Finished Spring Data repository scanning in 41ms. Found 0 repository interfaces.
22:28:23.056 [34mINFO [0;39m [main] [36morg.springframework.boot.web.embedded.tomcat.TomcatWebServer[0;39m - Tomcat initialized with port(s): 8080 (http)
22:28:23.076 [34mINFO [0;39m [main] [36morg.apache.coyote.http11.Http11NioProtocol[0;39m - Initializing ProtocolHandler ["http-nio-8080"]
22:28:23.086 [34mINFO [0;39m [main] [36morg.apache.catalina.core.StandardService[0;39m - Starting service [Tomcat]
22:28:23.086 [34mINFO [0;39m [main] [36morg.apache.catalina.core.StandardEngine[0;39m - Starting Servlet Engine: Apache Tomcat/9.0.12
22:28:23.098 [34mINFO [0;39m [main] [36morg.apache.catalina.core.AprLifecycleListener[0;39m - The APR based Apache Tomcat Native library which allows optimal performance in production environments was not found on the java.library.path: [C:\Java\jdk1.8.0_161\bin;C:\WINDOWS\Sun\Java\bin;C:\WINDOWS\system32;C:\WINDOWS;D:\hadoop-2.6.4\bin;C:\scala\bin;D:\Spark\bin;C:\Program Files\Docker\Docker\Resources\bin;C:\ProgramData\Oracle\Java\javapath;C:\Program Files\Python36\Scripts\;C:\Program Files\Python36\;C:\Program Files (x86)\Intel\iCLS Client\;C:\Program Files\Intel\iCLS Client\;C:\Windows\system32;C:\Windows;C:\Windows\System32\Wbem;C:\Windows\System32\WindowsPowerShell\v1.0\;C:\Program Files (x86)\Intel\Intel(R) Management Engine Components\DAL;C:\Program Files\Intel\Intel(R) Management Engine Components\DAL;C:\Program Files (x86)\Intel\Intel(R) Management Engine Components\IPT;C:\Program Files\Intel\Intel(R) Management Engine Components\IPT;C:\Program Files (x86)\NVIDIA Corporation\PhysX\Common;C:\Program Files\Intel\WiFi\bin\;C:\Program Files\Common Files\Intel\WirelessCommon\;C:\WINDOWS\system32;C:\WINDOWS;C:\WINDOWS\System32\Wbem;C:\WINDOWS\System32\WindowsPowerShell\v1.0\;C:\Java\jdk1.8.0_161\bin;C:\Program Files\TortoiseSVN\bin;D:\Program Files (x86)\IDM Computer Solutions\UltraEdit;C:\Program Files (x86)\Java\adbgjb\adb.exe;C:\Program Files\Python36;C:\Program Files\Git\cmd;C:\Program Files\go\bin;D:\nodejs;D:\nodejs\node_global\node_modules\grunt\bin;D:\nodejs\node_global;D:\maven\apache-maven-3.3.1\eastmoney-maven\bin;C:\proto\protoc-3.5.1-win32\bin;C:\WINDOWS\System32\OpenSSH\;D:\Tools\redis-6380\64bit\;C:\Users\chs\AppData\Local\Programs\Python\Python36\Scripts\;C:\Users\chs\AppData\Local\Programs\Python\Python36\;C:\Users\chs\AppData\Local\Microsoft\WindowsApps;C:\Program Files (x86)\SSH Communications Security\SSH Secure Shell;C:\Users\chs\AppData\Local\Programs\Fiddler;C:\Users\chs\AppData\Local\GitHubDesktop\bin;%USERPROFILE%\AppData\Local\Microsoft\WindowsApps;;.]
22:28:23.296 [34mINFO [0;39m [main] [36morg.apache.catalina.core.ContainerBase.[Tomcat].[localhost].[/][0;39m - Initializing Spring embedded WebApplicationContext
22:28:23.297 [34mINFO [0;39m [main] [36morg.springframework.web.context.ContextLoader[0;39m - Root WebApplicationContext: initialization completed in 3613 ms
22:28:23.346 [34mINFO [0;39m [main] [36morg.springframework.boot.web.servlet.ServletRegistrationBean[0;39m - Servlet dispatcherServlet mapped to [/]
22:28:23.350 [34mINFO [0;39m [main] [36morg.springframework.boot.web.servlet.FilterRegistrationBean[0;39m - Mapping filter: 'characterEncodingFilter' to: [/*]
22:28:23.351 [34mINFO [0;39m [main] [36morg.springframework.boot.web.servlet.FilterRegistrationBean[0;39m - Mapping filter: 'hiddenHttpMethodFilter' to: [/*]
22:28:23.351 [34mINFO [0;39m [main] [36morg.springframework.boot.web.servlet.FilterRegistrationBean[0;39m - Mapping filter: 'formContentFilter' to: [/*]
22:28:23.351 [34mINFO [0;39m [main] [36morg.springframework.boot.web.servlet.FilterRegistrationBean[0;39m - Mapping filter: 'requestContextFilter' to: [/*]
22:28:24.864 [34mINFO [0;39m [main] [36morg.springframework.scheduling.concurrent.ThreadPoolTaskExecutor[0;39m - Initializing ExecutorService 'applicationTaskExecutor'
22:28:25.301 [34mINFO [0;39m [main] [36morg.quartz.impl.StdSchedulerFactory[0;39m - Using default implementation for ThreadExecutor
22:28:25.320 [34mINFO [0;39m [main] [36morg.quartz.core.SchedulerSignalerImpl[0;39m - Initialized Scheduler Signaller of type: class org.quartz.core.SchedulerSignalerImpl
22:28:25.320 [34mINFO [0;39m [main] [36morg.quartz.core.QuartzScheduler[0;39m - Quartz Scheduler v.2.2.2 created.
22:28:25.322 [34mINFO [0;39m [main] [36morg.quartz.simpl.RAMJobStore[0;39m - RAMJobStore initialized.
22:28:25.323 [34mINFO [0;39m [main] [36morg.quartz.core.QuartzScheduler[0;39m - Scheduler meta-data: Quartz Scheduler (v2.2.2) 'quartzScheduler' with instanceId 'NON_CLUSTERED'
  Scheduler class: 'org.quartz.core.QuartzScheduler' - running locally.
  NOT STARTED.
  Currently in standby mode.
  Number of jobs executed: 0
  Using thread pool 'org.quartz.simpl.SimpleThreadPool' - with 10 threads.
  Using job-store 'org.quartz.simpl.RAMJobStore' - which does not support persistence. and is not clustered.

22:28:25.323 [34mINFO [0;39m [main] [36morg.quartz.impl.StdSchedulerFactory[0;39m - Quartz scheduler 'quartzScheduler' initialized from an externally provided properties instance.
22:28:25.323 [34mINFO [0;39m [main] [36morg.quartz.impl.StdSchedulerFactory[0;39m - Quartz scheduler version: 2.2.2
22:28:25.323 [34mINFO [0;39m [main] [36morg.quartz.core.QuartzScheduler[0;39m - JobFactory set to: org.springframework.scheduling.quartz.SpringBeanJobFactory@12f279b5
22:28:25.341 [34mINFO [0;39m [main] [36morg.springframework.scheduling.concurrent.ThreadPoolTaskScheduler[0;39m - Initializing ExecutorService 'taskScheduler'
22:28:25.406 [34mINFO [0;39m [main] [36morg.springframework.scheduling.quartz.SchedulerFactoryBean[0;39m - Starting Quartz Scheduler now
22:28:25.407 [34mINFO [0;39m [main] [36morg.quartz.core.QuartzScheduler[0;39m - Scheduler quartzScheduler_$_NON_CLUSTERED started.
22:28:25.418 [34mINFO [0;39m [main] [36mspringfox.documentation.spring.web.plugins.DocumentationPluginsBootstrapper[0;39m - Context refreshed
22:28:25.475 [34mINFO [0;39m [main] [36mspringfox.documentation.spring.web.plugins.DocumentationPluginsBootstrapper[0;39m - Found 1 custom documentation plugin(s)
22:28:25.485 [34mINFO [0;39m [main] [36mspringfox.documentation.spring.web.scanners.ApiListingReferenceScanner[0;39m - Scanning for api listing references
22:28:25.652 [34mINFO [0;39m [main] [36morg.apache.coyote.http11.Http11NioProtocol[0;39m - Starting ProtocolHandler ["http-nio-8080"]
22:28:25.666 [34mINFO [0;39m [main] [36morg.apache.tomcat.util.net.NioSelectorPool[0;39m - Using a shared selector for servlet write/read
22:28:25.699 [34mINFO [0;39m [main] [36morg.springframework.boot.web.embedded.tomcat.TomcatWebServer[0;39m - Tomcat started on port(s): 8080 (http) with context path ''
22:28:25.702 [34mINFO [0;39m [main] [36mcom.bt.monitor.MonitorApplication[0;39m - Started MonitorApplication in 6.707 seconds (JVM running for 8.256)
22:29:00.575 [34mINFO [0;39m [scheduling-1] [36mio.lettuce.core.EpollProvider[0;39m - Starting without optional epoll library
22:29:00.577 [34mINFO [0;39m [scheduling-1] [36mio.lettuce.core.KqueueProvider[0;39m - Starting without optional kqueue library
22:30:02.011 [34mINFO [0;39m [http-nio-8080-exec-1] [36morg.apache.catalina.core.ContainerBase.[Tomcat].[localhost].[/][0;39m - Initializing Spring DispatcherServlet 'dispatcherServlet'
22:30:02.011 [34mINFO [0;39m [http-nio-8080-exec-1] [36morg.springframework.web.servlet.DispatcherServlet[0;39m - Initializing Servlet 'dispatcherServlet'
22:30:02.022 [34mINFO [0;39m [http-nio-8080-exec-1] [36morg.springframework.web.servlet.DispatcherServlet[0;39m - Completed initialization in 11 ms
22:30:02.227 [34mINFO [0;39m [scheduling-1] [36mcom.bt.monitor.service.FlinkService[0;39m - jobId flink01 jobName Flink-WorkFlow 1 host localhost port 8080 jobResult false
22:43:46.974 [34mINFO [0;39m [main] [36mcom.bt.monitor.MonitorApplication[0;39m - Starting MonitorApplication on auguszero with PID 2868 (F:\github\monitor\target\classes started by chs in F:\github\monitor)
22:43:46.983 [34mINFO [0;39m [main] [36mcom.bt.monitor.MonitorApplication[0;39m - No active profile set, falling back to default profiles: default
22:43:48.493 [34mINFO [0;39m [main] [36morg.springframework.data.repository.config.RepositoryConfigurationDelegate[0;39m - Multiple Spring Data modules found, entering strict repository configuration mode!
22:43:48.498 [34mINFO [0;39m [main] [36morg.springframework.data.repository.config.RepositoryConfigurationDelegate[0;39m - Bootstrapping Spring Data repositories in DEFAULT mode.
22:43:48.558 [34mINFO [0;39m [main] [36morg.springframework.data.repository.config.RepositoryConfigurationDelegate[0;39m - Finished Spring Data repository scanning in 35ms. Found 0 repository interfaces.
22:43:50.234 [34mINFO [0;39m [main] [36morg.springframework.boot.web.embedded.tomcat.TomcatWebServer[0;39m - Tomcat initialized with port(s): 8080 (http)
22:43:50.252 [34mINFO [0;39m [main] [36morg.apache.coyote.http11.Http11NioProtocol[0;39m - Initializing ProtocolHandler ["http-nio-8080"]
22:43:50.264 [34mINFO [0;39m [main] [36morg.apache.catalina.core.StandardService[0;39m - Starting service [Tomcat]
22:43:50.264 [34mINFO [0;39m [main] [36morg.apache.catalina.core.StandardEngine[0;39m - Starting Servlet Engine: Apache Tomcat/9.0.12
22:43:50.279 [34mINFO [0;39m [main] [36morg.apache.catalina.core.AprLifecycleListener[0;39m - The APR based Apache Tomcat Native library which allows optimal performance in production environments was not found on the java.library.path: [C:\Java\jdk1.8.0_161\bin;C:\WINDOWS\Sun\Java\bin;C:\WINDOWS\system32;C:\WINDOWS;D:\hadoop-2.6.4\bin;C:\scala\bin;D:\Spark\bin;C:\Program Files\Docker\Docker\Resources\bin;C:\ProgramData\Oracle\Java\javapath;C:\Program Files\Python36\Scripts\;C:\Program Files\Python36\;C:\Program Files (x86)\Intel\iCLS Client\;C:\Program Files\Intel\iCLS Client\;C:\Windows\system32;C:\Windows;C:\Windows\System32\Wbem;C:\Windows\System32\WindowsPowerShell\v1.0\;C:\Program Files (x86)\Intel\Intel(R) Management Engine Components\DAL;C:\Program Files\Intel\Intel(R) Management Engine Components\DAL;C:\Program Files (x86)\Intel\Intel(R) Management Engine Components\IPT;C:\Program Files\Intel\Intel(R) Management Engine Components\IPT;C:\Program Files (x86)\NVIDIA Corporation\PhysX\Common;C:\Program Files\Intel\WiFi\bin\;C:\Program Files\Common Files\Intel\WirelessCommon\;C:\WINDOWS\system32;C:\WINDOWS;C:\WINDOWS\System32\Wbem;C:\WINDOWS\System32\WindowsPowerShell\v1.0\;C:\Java\jdk1.8.0_161\bin;C:\Program Files\TortoiseSVN\bin;D:\Program Files (x86)\IDM Computer Solutions\UltraEdit;C:\Program Files (x86)\Java\adbgjb\adb.exe;C:\Program Files\Python36;C:\Program Files\Git\cmd;C:\Program Files\go\bin;D:\nodejs;D:\nodejs\node_global\node_modules\grunt\bin;D:\nodejs\node_global;D:\maven\apache-maven-3.3.1\eastmoney-maven\bin;C:\proto\protoc-3.5.1-win32\bin;C:\WINDOWS\System32\OpenSSH\;D:\Tools\redis-6380\64bit\;C:\Users\chs\AppData\Local\Programs\Python\Python36\Scripts\;C:\Users\chs\AppData\Local\Programs\Python\Python36\;C:\Users\chs\AppData\Local\Microsoft\WindowsApps;C:\Program Files (x86)\SSH Communications Security\SSH Secure Shell;C:\Users\chs\AppData\Local\Programs\Fiddler;C:\Users\chs\AppData\Local\GitHubDesktop\bin;%USERPROFILE%\AppData\Local\Microsoft\WindowsApps;;.]
22:43:50.474 [34mINFO [0;39m [main] [36morg.apache.catalina.core.ContainerBase.[Tomcat].[localhost].[/][0;39m - Initializing Spring embedded WebApplicationContext
22:43:50.474 [34mINFO [0;39m [main] [36morg.springframework.web.context.ContextLoader[0;39m - Root WebApplicationContext: initialization completed in 3370 ms
22:43:50.528 [34mINFO [0;39m [main] [36morg.springframework.boot.web.servlet.ServletRegistrationBean[0;39m - Servlet dispatcherServlet mapped to [/]
22:43:50.534 [34mINFO [0;39m [main] [36morg.springframework.boot.web.servlet.FilterRegistrationBean[0;39m - Mapping filter: 'characterEncodingFilter' to: [/*]
22:43:50.535 [34mINFO [0;39m [main] [36morg.springframework.boot.web.servlet.FilterRegistrationBean[0;39m - Mapping filter: 'hiddenHttpMethodFilter' to: [/*]
22:43:50.535 [34mINFO [0;39m [main] [36morg.springframework.boot.web.servlet.FilterRegistrationBean[0;39m - Mapping filter: 'formContentFilter' to: [/*]
22:43:50.535 [34mINFO [0;39m [main] [36morg.springframework.boot.web.servlet.FilterRegistrationBean[0;39m - Mapping filter: 'requestContextFilter' to: [/*]
23:32:13.377 [34mINFO [0;39m [main] [36morg.springframework.boot.test.context.SpringBootTestContextBootstrapper[0;39m - Neither @ContextConfiguration nor @ContextHierarchy found for test class [com.bt.monitor.service.NormalServiceTest], using SpringBootContextLoader
23:32:13.391 [34mINFO [0;39m [main] [36morg.springframework.test.context.support.AbstractContextLoader[0;39m - Could not detect default resource locations for test class [com.bt.monitor.service.NormalServiceTest]: no resource found for suffixes {-context.xml, Context.groovy}.
23:32:13.704 [34mINFO [0;39m [main] [36morg.springframework.boot.test.context.SpringBootTestContextBootstrapper[0;39m - Loaded default TestExecutionListener class names from location [META-INF/spring.factories]: [org.springframework.boot.test.mock.mockito.MockitoTestExecutionListener, org.springframework.boot.test.mock.mockito.ResetMocksTestExecutionListener, org.springframework.boot.test.autoconfigure.restdocs.RestDocsTestExecutionListener, org.springframework.boot.test.autoconfigure.web.client.MockRestServiceServerResetTestExecutionListener, org.springframework.boot.test.autoconfigure.web.servlet.MockMvcPrintOnlyOnFailureTestExecutionListener, org.springframework.boot.test.autoconfigure.web.servlet.WebDriverTestExecutionListener, org.springframework.test.context.web.ServletTestExecutionListener, org.springframework.test.context.support.DirtiesContextBeforeModesTestExecutionListener, org.springframework.test.context.support.DependencyInjectionTestExecutionListener, org.springframework.test.context.support.DirtiesContextTestExecutionListener, org.springframework.test.context.transaction.TransactionalTestExecutionListener, org.springframework.test.context.jdbc.SqlScriptsTestExecutionListener]
23:32:13.732 [34mINFO [0;39m [main] [36morg.springframework.boot.test.context.SpringBootTestContextBootstrapper[0;39m - Using TestExecutionListeners: [org.springframework.test.context.web.ServletTestExecutionListener@7494f96a, org.springframework.test.context.support.DirtiesContextBeforeModesTestExecutionListener@561b6512, org.springframework.boot.test.mock.mockito.MockitoTestExecutionListener@2e377400, org.springframework.boot.test.autoconfigure.SpringBootDependencyInjectionTestExecutionListener@1757cd72, org.springframework.test.context.support.DirtiesContextTestExecutionListener@445b295b, org.springframework.test.context.transaction.TransactionalTestExecutionListener@49e5f737, org.springframework.test.context.jdbc.SqlScriptsTestExecutionListener@5c671d7f, org.springframework.boot.test.mock.mockito.ResetMocksTestExecutionListener@757277dc, org.springframework.boot.test.autoconfigure.restdocs.RestDocsTestExecutionListener@687e99d8, org.springframework.boot.test.autoconfigure.web.client.MockRestServiceServerResetTestExecutionListener@e4487af, org.springframework.boot.test.autoconfigure.web.servlet.MockMvcPrintOnlyOnFailureTestExecutionListener@6aaceffd, org.springframework.boot.test.autoconfigure.web.servlet.WebDriverTestExecutionListener@c86b9e3]
23:32:14.081 [34mINFO [0;39m [main] [36mcom.bt.monitor.service.NormalServiceTest[0;39m - Starting NormalServiceTest on auguszero with PID 14076 (started by chs in F:\github\monitor)
23:32:14.082 [34mINFO [0;39m [main] [36mcom.bt.monitor.service.NormalServiceTest[0;39m - No active profile set, falling back to default profiles: default
23:32:15.409 [34mINFO [0;39m [main] [36morg.springframework.data.repository.config.RepositoryConfigurationDelegate[0;39m - Multiple Spring Data modules found, entering strict repository configuration mode!
23:32:15.413 [34mINFO [0;39m [main] [36morg.springframework.data.repository.config.RepositoryConfigurationDelegate[0;39m - Bootstrapping Spring Data repositories in DEFAULT mode.
23:32:15.459 [34mINFO [0;39m [main] [36morg.springframework.data.repository.config.RepositoryConfigurationDelegate[0;39m - Finished Spring Data repository scanning in 25ms. Found 0 repository interfaces.
23:32:17.235 [34mINFO [0;39m [main] [36morg.springframework.boot.web.embedded.tomcat.TomcatWebServer[0;39m - Tomcat initialized with port(s): 0 (http)
23:32:17.252 [34mINFO [0;39m [main] [36morg.apache.coyote.http11.Http11NioProtocol[0;39m - Initializing ProtocolHandler ["http-nio-auto-1"]
23:32:17.262 [34mINFO [0;39m [main] [36morg.apache.catalina.core.StandardService[0;39m - Starting service [Tomcat]
23:32:17.262 [34mINFO [0;39m [main] [36morg.apache.catalina.core.StandardEngine[0;39m - Starting Servlet Engine: Apache Tomcat/9.0.12
23:32:17.276 [34mINFO [0;39m [main] [36morg.apache.catalina.core.AprLifecycleListener[0;39m - The APR based Apache Tomcat Native library which allows optimal performance in production environments was not found on the java.library.path: [C:\Java\jdk1.8.0_161\bin;C:\WINDOWS\Sun\Java\bin;C:\WINDOWS\system32;C:\WINDOWS;D:\hadoop-2.6.4\bin;C:\scala\bin;D:\Spark\bin;C:\Program Files\Docker\Docker\Resources\bin;C:\ProgramData\Oracle\Java\javapath;C:\Program Files\Python36\Scripts\;C:\Program Files\Python36\;C:\Program Files (x86)\Intel\iCLS Client\;C:\Program Files\Intel\iCLS Client\;C:\Windows\system32;C:\Windows;C:\Windows\System32\Wbem;C:\Windows\System32\WindowsPowerShell\v1.0\;C:\Program Files (x86)\Intel\Intel(R) Management Engine Components\DAL;C:\Program Files\Intel\Intel(R) Management Engine Components\DAL;C:\Program Files (x86)\Intel\Intel(R) Management Engine Components\IPT;C:\Program Files\Intel\Intel(R) Management Engine Components\IPT;C:\Program Files (x86)\NVIDIA Corporation\PhysX\Common;C:\Program Files\Intel\WiFi\bin\;C:\Program Files\Common Files\Intel\WirelessCommon\;C:\WINDOWS\system32;C:\WINDOWS;C:\WINDOWS\System32\Wbem;C:\WINDOWS\System32\WindowsPowerShell\v1.0\;C:\Java\jdk1.8.0_161\bin;C:\Program Files\TortoiseSVN\bin;D:\Program Files (x86)\IDM Computer Solutions\UltraEdit;C:\Program Files (x86)\Java\adbgjb\adb.exe;C:\Program Files\Python36;C:\Program Files\Git\cmd;C:\Program Files\go\bin;D:\nodejs;D:\nodejs\node_global\node_modules\grunt\bin;D:\nodejs\node_global;D:\maven\apache-maven-3.3.1\eastmoney-maven\bin;C:\proto\protoc-3.5.1-win32\bin;C:\WINDOWS\System32\OpenSSH\;D:\Tools\redis-6380\64bit\;C:\Users\chs\AppData\Local\Programs\Python\Python36\Scripts\;C:\Users\chs\AppData\Local\Programs\Python\Python36\;C:\Users\chs\AppData\Local\Microsoft\WindowsApps;C:\Program Files (x86)\SSH Communications Security\SSH Secure Shell;C:\Users\chs\AppData\Local\Programs\Fiddler;C:\Users\chs\AppData\Local\GitHubDesktop\bin;%USERPROFILE%\AppData\Local\Microsoft\WindowsApps;;.]
23:32:17.426 [34mINFO [0;39m [main] [36morg.apache.catalina.core.ContainerBase.[Tomcat].[localhost].[/][0;39m - Initializing Spring embedded WebApplicationContext
23:32:17.427 [34mINFO [0;39m [main] [36morg.springframework.web.context.ContextLoader[0;39m - Root WebApplicationContext: initialization completed in 3326 ms
23:32:17.532 [34mINFO [0;39m [main] [36morg.springframework.boot.web.servlet.ServletRegistrationBean[0;39m - Servlet dispatcherServlet mapped to [/]
23:32:17.538 [34mINFO [0;39m [main] [36morg.springframework.boot.web.servlet.FilterRegistrationBean[0;39m - Mapping filter: 'characterEncodingFilter' to: [/*]
23:32:17.539 [34mINFO [0;39m [main] [36morg.springframework.boot.web.servlet.FilterRegistrationBean[0;39m - Mapping filter: 'hiddenHttpMethodFilter' to: [/*]
23:32:17.539 [34mINFO [0;39m [main] [36morg.springframework.boot.web.servlet.FilterRegistrationBean[0;39m - Mapping filter: 'formContentFilter' to: [/*]
23:32:17.539 [34mINFO [0;39m [main] [36morg.springframework.boot.web.servlet.FilterRegistrationBean[0;39m - Mapping filter: 'requestContextFilter' to: [/*]
23:32:19.204 [34mINFO [0;39m [main] [36morg.springframework.scheduling.concurrent.ThreadPoolTaskExecutor[0;39m - Initializing ExecutorService 'applicationTaskExecutor'
23:32:19.673 [34mINFO [0;39m [main] [36morg.quartz.impl.StdSchedulerFactory[0;39m - Using default implementation for ThreadExecutor
23:32:19.691 [34mINFO [0;39m [main] [36morg.quartz.core.SchedulerSignalerImpl[0;39m - Initialized Scheduler Signaller of type: class org.quartz.core.SchedulerSignalerImpl
23:32:19.691 [34mINFO [0;39m [main] [36morg.quartz.core.QuartzScheduler[0;39m - Quartz Scheduler v.2.2.2 created.
23:32:19.692 [34mINFO [0;39m [main] [36morg.quartz.simpl.RAMJobStore[0;39m - RAMJobStore initialized.
23:32:19.694 [34mINFO [0;39m [main] [36morg.quartz.core.QuartzScheduler[0;39m - Scheduler meta-data: Quartz Scheduler (v2.2.2) 'quartzScheduler' with instanceId 'NON_CLUSTERED'
  Scheduler class: 'org.quartz.core.QuartzScheduler' - running locally.
  NOT STARTED.
  Currently in standby mode.
  Number of jobs executed: 0
  Using thread pool 'org.quartz.simpl.SimpleThreadPool' - with 10 threads.
  Using job-store 'org.quartz.simpl.RAMJobStore' - which does not support persistence. and is not clustered.

23:32:19.694 [34mINFO [0;39m [main] [36morg.quartz.impl.StdSchedulerFactory[0;39m - Quartz scheduler 'quartzScheduler' initialized from an externally provided properties instance.
23:32:19.694 [34mINFO [0;39m [main] [36morg.quartz.impl.StdSchedulerFactory[0;39m - Quartz scheduler version: 2.2.2
23:32:19.694 [34mINFO [0;39m [main] [36morg.quartz.core.QuartzScheduler[0;39m - JobFactory set to: org.springframework.scheduling.quartz.SpringBeanJobFactory@5bc63e20
23:32:19.725 [34mINFO [0;39m [main] [36morg.springframework.scheduling.concurrent.ThreadPoolTaskScheduler[0;39m - Initializing ExecutorService 'taskScheduler'
23:32:19.787 [34mINFO [0;39m [main] [36morg.springframework.scheduling.quartz.SchedulerFactoryBean[0;39m - Starting Quartz Scheduler now
23:32:19.787 [34mINFO [0;39m [main] [36morg.quartz.core.QuartzScheduler[0;39m - Scheduler quartzScheduler_$_NON_CLUSTERED started.
23:32:19.798 [34mINFO [0;39m [main] [36mspringfox.documentation.spring.web.plugins.DocumentationPluginsBootstrapper[0;39m - Context refreshed
23:32:19.819 [34mINFO [0;39m [main] [36mspringfox.documentation.spring.web.plugins.DocumentationPluginsBootstrapper[0;39m - Found 1 custom documentation plugin(s)
23:32:19.828 [34mINFO [0;39m [main] [36mspringfox.documentation.spring.web.scanners.ApiListingReferenceScanner[0;39m - Scanning for api listing references
23:32:20.004 [34mINFO [0;39m [main] [36morg.apache.coyote.http11.Http11NioProtocol[0;39m - Starting ProtocolHandler ["http-nio-auto-1"]
23:32:20.022 [34mINFO [0;39m [main] [36morg.apache.tomcat.util.net.NioSelectorPool[0;39m - Using a shared selector for servlet write/read
23:32:20.047 [34mINFO [0;39m [main] [36morg.springframework.boot.web.embedded.tomcat.TomcatWebServer[0;39m - Tomcat started on port(s): 62345 (http) with context path ''
23:32:20.052 [34mINFO [0;39m [main] [36mcom.bt.monitor.service.NormalServiceTest[0;39m - Started NormalServiceTest in 6.273 seconds (JVM running for 7.645)
23:32:20.456 [34mINFO [0;39m [Thread-3] [36morg.quartz.core.QuartzScheduler[0;39m - Scheduler quartzScheduler_$_NON_CLUSTERED paused.
23:32:20.457 [34mINFO [0;39m [Thread-3] [36morg.springframework.scheduling.concurrent.ThreadPoolTaskScheduler[0;39m - Shutting down ExecutorService 'taskScheduler'
23:32:20.459 [34mINFO [0;39m [Thread-3] [36morg.springframework.scheduling.quartz.SchedulerFactoryBean[0;39m - Shutting down Quartz Scheduler
23:32:20.459 [34mINFO [0;39m [Thread-3] [36morg.quartz.core.QuartzScheduler[0;39m - Scheduler quartzScheduler_$_NON_CLUSTERED shutting down.
23:32:20.459 [34mINFO [0;39m [Thread-3] [36morg.quartz.core.QuartzScheduler[0;39m - Scheduler quartzScheduler_$_NON_CLUSTERED paused.
23:32:20.460 [34mINFO [0;39m [Thread-3] [36morg.quartz.core.QuartzScheduler[0;39m - Scheduler quartzScheduler_$_NON_CLUSTERED shutdown complete.
23:32:20.461 [34mINFO [0;39m [Thread-3] [36morg.springframework.scheduling.concurrent.ThreadPoolTaskExecutor[0;39m - Shutting down ExecutorService 'applicationTaskExecutor'
23:32:40.357 [34mINFO [0;39m [main] [36morg.springframework.boot.test.context.SpringBootTestContextBootstrapper[0;39m - Neither @ContextConfiguration nor @ContextHierarchy found for test class [com.bt.monitor.service.NormalServiceTest], using SpringBootContextLoader
23:32:40.369 [34mINFO [0;39m [main] [36morg.springframework.test.context.support.AbstractContextLoader[0;39m - Could not detect default resource locations for test class [com.bt.monitor.service.NormalServiceTest]: no resource found for suffixes {-context.xml, Context.groovy}.
23:32:40.695 [34mINFO [0;39m [main] [36morg.springframework.boot.test.context.SpringBootTestContextBootstrapper[0;39m - Loaded default TestExecutionListener class names from location [META-INF/spring.factories]: [org.springframework.boot.test.mock.mockito.MockitoTestExecutionListener, org.springframework.boot.test.mock.mockito.ResetMocksTestExecutionListener, org.springframework.boot.test.autoconfigure.restdocs.RestDocsTestExecutionListener, org.springframework.boot.test.autoconfigure.web.client.MockRestServiceServerResetTestExecutionListener, org.springframework.boot.test.autoconfigure.web.servlet.MockMvcPrintOnlyOnFailureTestExecutionListener, org.springframework.boot.test.autoconfigure.web.servlet.WebDriverTestExecutionListener, org.springframework.test.context.web.ServletTestExecutionListener, org.springframework.test.context.support.DirtiesContextBeforeModesTestExecutionListener, org.springframework.test.context.support.DependencyInjectionTestExecutionListener, org.springframework.test.context.support.DirtiesContextTestExecutionListener, org.springframework.test.context.transaction.TransactionalTestExecutionListener, org.springframework.test.context.jdbc.SqlScriptsTestExecutionListener]
23:32:40.720 [34mINFO [0;39m [main] [36morg.springframework.boot.test.context.SpringBootTestContextBootstrapper[0;39m - Using TestExecutionListeners: [org.springframework.test.context.web.ServletTestExecutionListener@345f69f3, org.springframework.test.context.support.DirtiesContextBeforeModesTestExecutionListener@50de186c, org.springframework.boot.test.mock.mockito.MockitoTestExecutionListener@3f57bcad, org.springframework.boot.test.autoconfigure.SpringBootDependencyInjectionTestExecutionListener@1e8b7643, org.springframework.test.context.support.DirtiesContextTestExecutionListener@51549490, org.springframework.test.context.transaction.TransactionalTestExecutionListener@71e9ebae, org.springframework.test.context.jdbc.SqlScriptsTestExecutionListener@73d983ea, org.springframework.boot.test.mock.mockito.ResetMocksTestExecutionListener@36a5cabc, org.springframework.boot.test.autoconfigure.restdocs.RestDocsTestExecutionListener@432038ec, org.springframework.boot.test.autoconfigure.web.client.MockRestServiceServerResetTestExecutionListener@7daa0fbd, org.springframework.boot.test.autoconfigure.web.servlet.MockMvcPrintOnlyOnFailureTestExecutionListener@42530531, org.springframework.boot.test.autoconfigure.web.servlet.WebDriverTestExecutionListener@5a3bc7ed]
23:32:41.164 [34mINFO [0;39m [main] [36mcom.bt.monitor.service.NormalServiceTest[0;39m - Starting NormalServiceTest on auguszero with PID 9220 (started by chs in F:\github\monitor)
23:32:41.165 [34mINFO [0;39m [main] [36mcom.bt.monitor.service.NormalServiceTest[0;39m - No active profile set, falling back to default profiles: default
23:32:42.773 [34mINFO [0;39m [main] [36morg.springframework.data.repository.config.RepositoryConfigurationDelegate[0;39m - Multiple Spring Data modules found, entering strict repository configuration mode!
23:32:42.778 [34mINFO [0;39m [main] [36morg.springframework.data.repository.config.RepositoryConfigurationDelegate[0;39m - Bootstrapping Spring Data repositories in DEFAULT mode.
23:32:42.818 [34mINFO [0;39m [main] [36morg.springframework.data.repository.config.RepositoryConfigurationDelegate[0;39m - Finished Spring Data repository scanning in 23ms. Found 0 repository interfaces.
23:32:44.735 [34mINFO [0;39m [main] [36morg.springframework.boot.web.embedded.tomcat.TomcatWebServer[0;39m - Tomcat initialized with port(s): 0 (http)
23:32:44.753 [34mINFO [0;39m [main] [36morg.apache.coyote.http11.Http11NioProtocol[0;39m - Initializing ProtocolHandler ["http-nio-auto-1"]
23:32:44.763 [34mINFO [0;39m [main] [36morg.apache.catalina.core.StandardService[0;39m - Starting service [Tomcat]
23:32:44.763 [34mINFO [0;39m [main] [36morg.apache.catalina.core.StandardEngine[0;39m - Starting Servlet Engine: Apache Tomcat/9.0.12
23:32:44.776 [34mINFO [0;39m [main] [36morg.apache.catalina.core.AprLifecycleListener[0;39m - The APR based Apache Tomcat Native library which allows optimal performance in production environments was not found on the java.library.path: [C:\Java\jdk1.8.0_161\bin;C:\WINDOWS\Sun\Java\bin;C:\WINDOWS\system32;C:\WINDOWS;D:\hadoop-2.6.4\bin;C:\scala\bin;D:\Spark\bin;C:\Program Files\Docker\Docker\Resources\bin;C:\ProgramData\Oracle\Java\javapath;C:\Program Files\Python36\Scripts\;C:\Program Files\Python36\;C:\Program Files (x86)\Intel\iCLS Client\;C:\Program Files\Intel\iCLS Client\;C:\Windows\system32;C:\Windows;C:\Windows\System32\Wbem;C:\Windows\System32\WindowsPowerShell\v1.0\;C:\Program Files (x86)\Intel\Intel(R) Management Engine Components\DAL;C:\Program Files\Intel\Intel(R) Management Engine Components\DAL;C:\Program Files (x86)\Intel\Intel(R) Management Engine Components\IPT;C:\Program Files\Intel\Intel(R) Management Engine Components\IPT;C:\Program Files (x86)\NVIDIA Corporation\PhysX\Common;C:\Program Files\Intel\WiFi\bin\;C:\Program Files\Common Files\Intel\WirelessCommon\;C:\WINDOWS\system32;C:\WINDOWS;C:\WINDOWS\System32\Wbem;C:\WINDOWS\System32\WindowsPowerShell\v1.0\;C:\Java\jdk1.8.0_161\bin;C:\Program Files\TortoiseSVN\bin;D:\Program Files (x86)\IDM Computer Solutions\UltraEdit;C:\Program Files (x86)\Java\adbgjb\adb.exe;C:\Program Files\Python36;C:\Program Files\Git\cmd;C:\Program Files\go\bin;D:\nodejs;D:\nodejs\node_global\node_modules\grunt\bin;D:\nodejs\node_global;D:\maven\apache-maven-3.3.1\eastmoney-maven\bin;C:\proto\protoc-3.5.1-win32\bin;C:\WINDOWS\System32\OpenSSH\;D:\Tools\redis-6380\64bit\;C:\Users\chs\AppData\Local\Programs\Python\Python36\Scripts\;C:\Users\chs\AppData\Local\Programs\Python\Python36\;C:\Users\chs\AppData\Local\Microsoft\WindowsApps;C:\Program Files (x86)\SSH Communications Security\SSH Secure Shell;C:\Users\chs\AppData\Local\Programs\Fiddler;C:\Users\chs\AppData\Local\GitHubDesktop\bin;%USERPROFILE%\AppData\Local\Microsoft\WindowsApps;;.]
23:32:44.934 [34mINFO [0;39m [main] [36morg.apache.catalina.core.ContainerBase.[Tomcat].[localhost].[/][0;39m - Initializing Spring embedded WebApplicationContext
23:32:44.934 [34mINFO [0;39m [main] [36morg.springframework.web.context.ContextLoader[0;39m - Root WebApplicationContext: initialization completed in 3738 ms
23:32:45.086 [34mINFO [0;39m [main] [36morg.springframework.boot.web.servlet.ServletRegistrationBean[0;39m - Servlet dispatcherServlet mapped to [/]
23:32:45.092 [34mINFO [0;39m [main] [36morg.springframework.boot.web.servlet.FilterRegistrationBean[0;39m - Mapping filter: 'characterEncodingFilter' to: [/*]
23:32:45.093 [34mINFO [0;39m [main] [36morg.springframework.boot.web.servlet.FilterRegistrationBean[0;39m - Mapping filter: 'hiddenHttpMethodFilter' to: [/*]
23:32:45.093 [34mINFO [0;39m [main] [36morg.springframework.boot.web.servlet.FilterRegistrationBean[0;39m - Mapping filter: 'formContentFilter' to: [/*]
23:32:45.093 [34mINFO [0;39m [main] [36morg.springframework.boot.web.servlet.FilterRegistrationBean[0;39m - Mapping filter: 'requestContextFilter' to: [/*]
23:32:54.801 [34mINFO [0;39m [main] [36morg.springframework.scheduling.concurrent.ThreadPoolTaskExecutor[0;39m - Initializing ExecutorService 'applicationTaskExecutor'
23:32:55.343 [34mINFO [0;39m [main] [36morg.quartz.impl.StdSchedulerFactory[0;39m - Using default implementation for ThreadExecutor
23:32:55.366 [34mINFO [0;39m [main] [36morg.quartz.core.SchedulerSignalerImpl[0;39m - Initialized Scheduler Signaller of type: class org.quartz.core.SchedulerSignalerImpl
23:32:55.366 [34mINFO [0;39m [main] [36morg.quartz.core.QuartzScheduler[0;39m - Quartz Scheduler v.2.2.2 created.
23:32:55.367 [34mINFO [0;39m [main] [36morg.quartz.simpl.RAMJobStore[0;39m - RAMJobStore initialized.
23:32:55.369 [34mINFO [0;39m [main] [36morg.quartz.core.QuartzScheduler[0;39m - Scheduler meta-data: Quartz Scheduler (v2.2.2) 'quartzScheduler' with instanceId 'NON_CLUSTERED'
  Scheduler class: 'org.quartz.core.QuartzScheduler' - running locally.
  NOT STARTED.
  Currently in standby mode.
  Number of jobs executed: 0
  Using thread pool 'org.quartz.simpl.SimpleThreadPool' - with 10 threads.
  Using job-store 'org.quartz.simpl.RAMJobStore' - which does not support persistence. and is not clustered.

23:32:55.369 [34mINFO [0;39m [main] [36morg.quartz.impl.StdSchedulerFactory[0;39m - Quartz scheduler 'quartzScheduler' initialized from an externally provided properties instance.
23:32:55.369 [34mINFO [0;39m [main] [36morg.quartz.impl.StdSchedulerFactory[0;39m - Quartz scheduler version: 2.2.2
23:32:55.369 [34mINFO [0;39m [main] [36morg.quartz.core.QuartzScheduler[0;39m - JobFactory set to: org.springframework.scheduling.quartz.SpringBeanJobFactory@41f7c02d
23:32:55.408 [34mINFO [0;39m [main] [36morg.springframework.scheduling.concurrent.ThreadPoolTaskScheduler[0;39m - Initializing ExecutorService 'taskScheduler'
23:32:55.487 [34mINFO [0;39m [main] [36morg.springframework.scheduling.quartz.SchedulerFactoryBean[0;39m - Starting Quartz Scheduler now
23:32:55.488 [34mINFO [0;39m [main] [36morg.quartz.core.QuartzScheduler[0;39m - Scheduler quartzScheduler_$_NON_CLUSTERED started.
23:32:55.499 [34mINFO [0;39m [main] [36mspringfox.documentation.spring.web.plugins.DocumentationPluginsBootstrapper[0;39m - Context refreshed
23:32:55.526 [34mINFO [0;39m [main] [36mspringfox.documentation.spring.web.plugins.DocumentationPluginsBootstrapper[0;39m - Found 1 custom documentation plugin(s)
23:32:55.538 [34mINFO [0;39m [main] [36mspringfox.documentation.spring.web.scanners.ApiListingReferenceScanner[0;39m - Scanning for api listing references
23:32:55.762 [34mINFO [0;39m [main] [36morg.apache.coyote.http11.Http11NioProtocol[0;39m - Starting ProtocolHandler ["http-nio-auto-1"]
23:32:55.786 [34mINFO [0;39m [main] [36morg.apache.tomcat.util.net.NioSelectorPool[0;39m - Using a shared selector for servlet write/read
23:32:55.813 [34mINFO [0;39m [main] [36morg.springframework.boot.web.embedded.tomcat.TomcatWebServer[0;39m - Tomcat started on port(s): 62370 (http) with context path ''
23:32:55.818 [34mINFO [0;39m [main] [36mcom.bt.monitor.service.NormalServiceTest[0;39m - Started NormalServiceTest in 15.027 seconds (JVM running for 16.585)
23:32:56.102 [34mINFO [0;39m [Thread-3] [36morg.quartz.core.QuartzScheduler[0;39m - Scheduler quartzScheduler_$_NON_CLUSTERED paused.
23:32:56.104 [34mINFO [0;39m [Thread-3] [36morg.springframework.scheduling.concurrent.ThreadPoolTaskScheduler[0;39m - Shutting down ExecutorService 'taskScheduler'
23:32:56.105 [34mINFO [0;39m [Thread-3] [36morg.springframework.scheduling.quartz.SchedulerFactoryBean[0;39m - Shutting down Quartz Scheduler
23:32:56.105 [34mINFO [0;39m [Thread-3] [36morg.quartz.core.QuartzScheduler[0;39m - Scheduler quartzScheduler_$_NON_CLUSTERED shutting down.
23:32:56.105 [34mINFO [0;39m [Thread-3] [36morg.quartz.core.QuartzScheduler[0;39m - Scheduler quartzScheduler_$_NON_CLUSTERED paused.
23:32:56.106 [34mINFO [0;39m [Thread-3] [36morg.quartz.core.QuartzScheduler[0;39m - Scheduler quartzScheduler_$_NON_CLUSTERED shutdown complete.
23:32:56.107 [34mINFO [0;39m [Thread-3] [36morg.springframework.scheduling.concurrent.ThreadPoolTaskExecutor[0;39m - Shutting down ExecutorService 'applicationTaskExecutor'
23:33:08.290 [34mINFO [0;39m [main] [36morg.springframework.boot.test.context.SpringBootTestContextBootstrapper[0;39m - Neither @ContextConfiguration nor @ContextHierarchy found for test class [com.bt.monitor.service.NormalServiceTest], using SpringBootContextLoader
23:33:08.303 [34mINFO [0;39m [main] [36morg.springframework.test.context.support.AbstractContextLoader[0;39m - Could not detect default resource locations for test class [com.bt.monitor.service.NormalServiceTest]: no resource found for suffixes {-context.xml, Context.groovy}.
23:33:08.670 [34mINFO [0;39m [main] [36morg.springframework.boot.test.context.SpringBootTestContextBootstrapper[0;39m - Loaded default TestExecutionListener class names from location [META-INF/spring.factories]: [org.springframework.boot.test.mock.mockito.MockitoTestExecutionListener, org.springframework.boot.test.mock.mockito.ResetMocksTestExecutionListener, org.springframework.boot.test.autoconfigure.restdocs.RestDocsTestExecutionListener, org.springframework.boot.test.autoconfigure.web.client.MockRestServiceServerResetTestExecutionListener, org.springframework.boot.test.autoconfigure.web.servlet.MockMvcPrintOnlyOnFailureTestExecutionListener, org.springframework.boot.test.autoconfigure.web.servlet.WebDriverTestExecutionListener, org.springframework.test.context.web.ServletTestExecutionListener, org.springframework.test.context.support.DirtiesContextBeforeModesTestExecutionListener, org.springframework.test.context.support.DependencyInjectionTestExecutionListener, org.springframework.test.context.support.DirtiesContextTestExecutionListener, org.springframework.test.context.transaction.TransactionalTestExecutionListener, org.springframework.test.context.jdbc.SqlScriptsTestExecutionListener]
23:33:08.702 [34mINFO [0;39m [main] [36morg.springframework.boot.test.context.SpringBootTestContextBootstrapper[0;39m - Using TestExecutionListeners: [org.springframework.test.context.web.ServletTestExecutionListener@345f69f3, org.springframework.test.context.support.DirtiesContextBeforeModesTestExecutionListener@50de186c, org.springframework.boot.test.mock.mockito.MockitoTestExecutionListener@3f57bcad, org.springframework.boot.test.autoconfigure.SpringBootDependencyInjectionTestExecutionListener@1e8b7643, org.springframework.test.context.support.DirtiesContextTestExecutionListener@51549490, org.springframework.test.context.transaction.TransactionalTestExecutionListener@71e9ebae, org.springframework.test.context.jdbc.SqlScriptsTestExecutionListener@73d983ea, org.springframework.boot.test.mock.mockito.ResetMocksTestExecutionListener@36a5cabc, org.springframework.boot.test.autoconfigure.restdocs.RestDocsTestExecutionListener@432038ec, org.springframework.boot.test.autoconfigure.web.client.MockRestServiceServerResetTestExecutionListener@7daa0fbd, org.springframework.boot.test.autoconfigure.web.servlet.MockMvcPrintOnlyOnFailureTestExecutionListener@42530531, org.springframework.boot.test.autoconfigure.web.servlet.WebDriverTestExecutionListener@5a3bc7ed]
23:33:09.149 [34mINFO [0;39m [main] [36mcom.bt.monitor.service.NormalServiceTest[0;39m - Starting NormalServiceTest on auguszero with PID 12584 (started by chs in F:\github\monitor)
23:33:09.150 [34mINFO [0;39m [main] [36mcom.bt.monitor.service.NormalServiceTest[0;39m - No active profile set, falling back to default profiles: default
23:33:10.587 [34mINFO [0;39m [main] [36morg.springframework.data.repository.config.RepositoryConfigurationDelegate[0;39m - Multiple Spring Data modules found, entering strict repository configuration mode!
23:33:10.592 [34mINFO [0;39m [main] [36morg.springframework.data.repository.config.RepositoryConfigurationDelegate[0;39m - Bootstrapping Spring Data repositories in DEFAULT mode.
23:33:10.643 [34mINFO [0;39m [main] [36morg.springframework.data.repository.config.RepositoryConfigurationDelegate[0;39m - Finished Spring Data repository scanning in 29ms. Found 0 repository interfaces.
23:33:12.385 [34mINFO [0;39m [main] [36morg.springframework.boot.web.embedded.tomcat.TomcatWebServer[0;39m - Tomcat initialized with port(s): 0 (http)
23:33:12.406 [34mINFO [0;39m [main] [36morg.apache.coyote.http11.Http11NioProtocol[0;39m - Initializing ProtocolHandler ["http-nio-auto-1"]
23:33:12.415 [34mINFO [0;39m [main] [36morg.apache.catalina.core.StandardService[0;39m - Starting service [Tomcat]
23:33:12.416 [34mINFO [0;39m [main] [36morg.apache.catalina.core.StandardEngine[0;39m - Starting Servlet Engine: Apache Tomcat/9.0.12
23:33:12.429 [34mINFO [0;39m [main] [36morg.apache.catalina.core.AprLifecycleListener[0;39m - The APR based Apache Tomcat Native library which allows optimal performance in production environments was not found on the java.library.path: [C:\Java\jdk1.8.0_161\bin;C:\WINDOWS\Sun\Java\bin;C:\WINDOWS\system32;C:\WINDOWS;D:\hadoop-2.6.4\bin;C:\scala\bin;D:\Spark\bin;C:\Program Files\Docker\Docker\Resources\bin;C:\ProgramData\Oracle\Java\javapath;C:\Program Files\Python36\Scripts\;C:\Program Files\Python36\;C:\Program Files (x86)\Intel\iCLS Client\;C:\Program Files\Intel\iCLS Client\;C:\Windows\system32;C:\Windows;C:\Windows\System32\Wbem;C:\Windows\System32\WindowsPowerShell\v1.0\;C:\Program Files (x86)\Intel\Intel(R) Management Engine Components\DAL;C:\Program Files\Intel\Intel(R) Management Engine Components\DAL;C:\Program Files (x86)\Intel\Intel(R) Management Engine Components\IPT;C:\Program Files\Intel\Intel(R) Management Engine Components\IPT;C:\Program Files (x86)\NVIDIA Corporation\PhysX\Common;C:\Program Files\Intel\WiFi\bin\;C:\Program Files\Common Files\Intel\WirelessCommon\;C:\WINDOWS\system32;C:\WINDOWS;C:\WINDOWS\System32\Wbem;C:\WINDOWS\System32\WindowsPowerShell\v1.0\;C:\Java\jdk1.8.0_161\bin;C:\Program Files\TortoiseSVN\bin;D:\Program Files (x86)\IDM Computer Solutions\UltraEdit;C:\Program Files (x86)\Java\adbgjb\adb.exe;C:\Program Files\Python36;C:\Program Files\Git\cmd;C:\Program Files\go\bin;D:\nodejs;D:\nodejs\node_global\node_modules\grunt\bin;D:\nodejs\node_global;D:\maven\apache-maven-3.3.1\eastmoney-maven\bin;C:\proto\protoc-3.5.1-win32\bin;C:\WINDOWS\System32\OpenSSH\;D:\Tools\redis-6380\64bit\;C:\Users\chs\AppData\Local\Programs\Python\Python36\Scripts\;C:\Users\chs\AppData\Local\Programs\Python\Python36\;C:\Users\chs\AppData\Local\Microsoft\WindowsApps;C:\Program Files (x86)\SSH Communications Security\SSH Secure Shell;C:\Users\chs\AppData\Local\Programs\Fiddler;C:\Users\chs\AppData\Local\GitHubDesktop\bin;%USERPROFILE%\AppData\Local\Microsoft\WindowsApps;;.]
23:33:12.622 [34mINFO [0;39m [main] [36morg.apache.catalina.core.ContainerBase.[Tomcat].[localhost].[/][0;39m - Initializing Spring embedded WebApplicationContext
23:33:12.622 [34mINFO [0;39m [main] [36morg.springframework.web.context.ContextLoader[0;39m - Root WebApplicationContext: initialization completed in 3429 ms
23:33:12.752 [34mINFO [0;39m [main] [36morg.springframework.boot.web.servlet.ServletRegistrationBean[0;39m - Servlet dispatcherServlet mapped to [/]
23:33:12.757 [34mINFO [0;39m [main] [36morg.springframework.boot.web.servlet.FilterRegistrationBean[0;39m - Mapping filter: 'characterEncodingFilter' to: [/*]
23:33:12.758 [34mINFO [0;39m [main] [36morg.springframework.boot.web.servlet.FilterRegistrationBean[0;39m - Mapping filter: 'hiddenHttpMethodFilter' to: [/*]
23:33:12.758 [34mINFO [0;39m [main] [36morg.springframework.boot.web.servlet.FilterRegistrationBean[0;39m - Mapping filter: 'formContentFilter' to: [/*]
23:33:12.758 [34mINFO [0;39m [main] [36morg.springframework.boot.web.servlet.FilterRegistrationBean[0;39m - Mapping filter: 'requestContextFilter' to: [/*]
23:33:14.505 [34mINFO [0;39m [main] [36morg.springframework.scheduling.concurrent.ThreadPoolTaskExecutor[0;39m - Initializing ExecutorService 'applicationTaskExecutor'
23:33:15.078 [34mINFO [0;39m [main] [36morg.quartz.impl.StdSchedulerFactory[0;39m - Using default implementation for ThreadExecutor
23:33:15.101 [34mINFO [0;39m [main] [36morg.quartz.core.SchedulerSignalerImpl[0;39m - Initialized Scheduler Signaller of type: class org.quartz.core.SchedulerSignalerImpl
23:33:15.101 [34mINFO [0;39m [main] [36morg.quartz.core.QuartzScheduler[0;39m - Quartz Scheduler v.2.2.2 created.
23:33:15.102 [34mINFO [0;39m [main] [36morg.quartz.simpl.RAMJobStore[0;39m - RAMJobStore initialized.
23:33:15.103 [34mINFO [0;39m [main] [36morg.quartz.core.QuartzScheduler[0;39m - Scheduler meta-data: Quartz Scheduler (v2.2.2) 'quartzScheduler' with instanceId 'NON_CLUSTERED'
  Scheduler class: 'org.quartz.core.QuartzScheduler' - running locally.
  NOT STARTED.
  Currently in standby mode.
  Number of jobs executed: 0
  Using thread pool 'org.quartz.simpl.SimpleThreadPool' - with 10 threads.
  Using job-store 'org.quartz.simpl.RAMJobStore' - which does not support persistence. and is not clustered.

23:33:15.104 [34mINFO [0;39m [main] [36morg.quartz.impl.StdSchedulerFactory[0;39m - Quartz scheduler 'quartzScheduler' initialized from an externally provided properties instance.
23:33:15.104 [34mINFO [0;39m [main] [36morg.quartz.impl.StdSchedulerFactory[0;39m - Quartz scheduler version: 2.2.2
23:33:15.104 [34mINFO [0;39m [main] [36morg.quartz.core.QuartzScheduler[0;39m - JobFactory set to: org.springframework.scheduling.quartz.SpringBeanJobFactory@7962a746
23:33:15.142 [34mINFO [0;39m [main] [36morg.springframework.scheduling.concurrent.ThreadPoolTaskScheduler[0;39m - Initializing ExecutorService 'taskScheduler'
23:33:15.225 [34mINFO [0;39m [main] [36morg.springframework.scheduling.quartz.SchedulerFactoryBean[0;39m - Starting Quartz Scheduler now
23:33:15.225 [34mINFO [0;39m [main] [36morg.quartz.core.QuartzScheduler[0;39m - Scheduler quartzScheduler_$_NON_CLUSTERED started.
23:33:15.238 [34mINFO [0;39m [main] [36mspringfox.documentation.spring.web.plugins.DocumentationPluginsBootstrapper[0;39m - Context refreshed
23:33:15.266 [34mINFO [0;39m [main] [36mspringfox.documentation.spring.web.plugins.DocumentationPluginsBootstrapper[0;39m - Found 1 custom documentation plugin(s)
23:33:15.278 [34mINFO [0;39m [main] [36mspringfox.documentation.spring.web.scanners.ApiListingReferenceScanner[0;39m - Scanning for api listing references
23:33:15.479 [34mINFO [0;39m [main] [36morg.apache.coyote.http11.Http11NioProtocol[0;39m - Starting ProtocolHandler ["http-nio-auto-1"]
23:33:15.500 [34mINFO [0;39m [main] [36morg.apache.tomcat.util.net.NioSelectorPool[0;39m - Using a shared selector for servlet write/read
23:33:15.529 [34mINFO [0;39m [main] [36morg.springframework.boot.web.embedded.tomcat.TomcatWebServer[0;39m - Tomcat started on port(s): 62388 (http) with context path ''
23:33:15.535 [34mINFO [0;39m [main] [36mcom.bt.monitor.service.NormalServiceTest[0;39m - Started NormalServiceTest in 6.759 seconds (JVM running for 8.371)
23:37:45.620 [34mINFO [0;39m [Thread-3] [36morg.quartz.core.QuartzScheduler[0;39m - Scheduler quartzScheduler_$_NON_CLUSTERED paused.
23:37:45.622 [34mINFO [0;39m [Thread-3] [36morg.springframework.scheduling.concurrent.ThreadPoolTaskScheduler[0;39m - Shutting down ExecutorService 'taskScheduler'
23:37:45.622 [34mINFO [0;39m [Thread-3] [36morg.springframework.scheduling.quartz.SchedulerFactoryBean[0;39m - Shutting down Quartz Scheduler
23:37:45.623 [34mINFO [0;39m [Thread-3] [36morg.quartz.core.QuartzScheduler[0;39m - Scheduler quartzScheduler_$_NON_CLUSTERED shutting down.
23:37:45.623 [34mINFO [0;39m [Thread-3] [36morg.quartz.core.QuartzScheduler[0;39m - Scheduler quartzScheduler_$_NON_CLUSTERED paused.
23:37:45.625 [34mINFO [0;39m [Thread-3] [36morg.quartz.core.QuartzScheduler[0;39m - Scheduler quartzScheduler_$_NON_CLUSTERED shutdown complete.
23:37:45.629 [34mINFO [0;39m [Thread-3] [36morg.springframework.scheduling.concurrent.ThreadPoolTaskExecutor[0;39m - Shutting down ExecutorService 'applicationTaskExecutor'
23:37:45.771 [34mINFO [0;39m [scheduling-1] [36mio.lettuce.core.EpollProvider[0;39m - Starting without optional epoll library
23:37:45.773 [34mINFO [0;39m [scheduling-1] [36mio.lettuce.core.KqueueProvider[0;39m - Starting without optional kqueue library
23:37:53.101 [34mINFO [0;39m [main] [36morg.springframework.boot.test.context.SpringBootTestContextBootstrapper[0;39m - Neither @ContextConfiguration nor @ContextHierarchy found for test class [com.bt.monitor.service.NormalServiceTest], using SpringBootContextLoader
23:37:53.111 [34mINFO [0;39m [main] [36morg.springframework.test.context.support.AbstractContextLoader[0;39m - Could not detect default resource locations for test class [com.bt.monitor.service.NormalServiceTest]: no resource found for suffixes {-context.xml, Context.groovy}.
23:37:53.436 [34mINFO [0;39m [main] [36morg.springframework.boot.test.context.SpringBootTestContextBootstrapper[0;39m - Loaded default TestExecutionListener class names from location [META-INF/spring.factories]: [org.springframework.boot.test.mock.mockito.MockitoTestExecutionListener, org.springframework.boot.test.mock.mockito.ResetMocksTestExecutionListener, org.springframework.boot.test.autoconfigure.restdocs.RestDocsTestExecutionListener, org.springframework.boot.test.autoconfigure.web.client.MockRestServiceServerResetTestExecutionListener, org.springframework.boot.test.autoconfigure.web.servlet.MockMvcPrintOnlyOnFailureTestExecutionListener, org.springframework.boot.test.autoconfigure.web.servlet.WebDriverTestExecutionListener, org.springframework.test.context.web.ServletTestExecutionListener, org.springframework.test.context.support.DirtiesContextBeforeModesTestExecutionListener, org.springframework.test.context.support.DependencyInjectionTestExecutionListener, org.springframework.test.context.support.DirtiesContextTestExecutionListener, org.springframework.test.context.transaction.TransactionalTestExecutionListener, org.springframework.test.context.jdbc.SqlScriptsTestExecutionListener]
23:37:53.460 [34mINFO [0;39m [main] [36morg.springframework.boot.test.context.SpringBootTestContextBootstrapper[0;39m - Using TestExecutionListeners: [org.springframework.test.context.web.ServletTestExecutionListener@345f69f3, org.springframework.test.context.support.DirtiesContextBeforeModesTestExecutionListener@50de186c, org.springframework.boot.test.mock.mockito.MockitoTestExecutionListener@3f57bcad, org.springframework.boot.test.autoconfigure.SpringBootDependencyInjectionTestExecutionListener@1e8b7643, org.springframework.test.context.support.DirtiesContextTestExecutionListener@51549490, org.springframework.test.context.transaction.TransactionalTestExecutionListener@71e9ebae, org.springframework.test.context.jdbc.SqlScriptsTestExecutionListener@73d983ea, org.springframework.boot.test.mock.mockito.ResetMocksTestExecutionListener@36a5cabc, org.springframework.boot.test.autoconfigure.restdocs.RestDocsTestExecutionListener@432038ec, org.springframework.boot.test.autoconfigure.web.client.MockRestServiceServerResetTestExecutionListener@7daa0fbd, org.springframework.boot.test.autoconfigure.web.servlet.MockMvcPrintOnlyOnFailureTestExecutionListener@42530531, org.springframework.boot.test.autoconfigure.web.servlet.WebDriverTestExecutionListener@5a3bc7ed]
23:37:53.926 [34mINFO [0;39m [main] [36mcom.bt.monitor.service.NormalServiceTest[0;39m - Starting NormalServiceTest on auguszero with PID 5484 (started by chs in F:\github\monitor)
23:37:53.927 [34mINFO [0;39m [main] [36mcom.bt.monitor.service.NormalServiceTest[0;39m - No active profile set, falling back to default profiles: default
23:37:55.332 [34mINFO [0;39m [main] [36morg.springframework.data.repository.config.RepositoryConfigurationDelegate[0;39m - Multiple Spring Data modules found, entering strict repository configuration mode!
23:37:55.336 [34mINFO [0;39m [main] [36morg.springframework.data.repository.config.RepositoryConfigurationDelegate[0;39m - Bootstrapping Spring Data repositories in DEFAULT mode.
23:37:55.408 [34mINFO [0;39m [main] [36morg.springframework.data.repository.config.RepositoryConfigurationDelegate[0;39m - Finished Spring Data repository scanning in 26ms. Found 0 repository interfaces.
23:37:57.365 [34mINFO [0;39m [main] [36morg.springframework.boot.web.embedded.tomcat.TomcatWebServer[0;39m - Tomcat initialized with port(s): 0 (http)
23:37:57.383 [34mINFO [0;39m [main] [36morg.apache.coyote.http11.Http11NioProtocol[0;39m - Initializing ProtocolHandler ["http-nio-auto-1"]
23:37:57.392 [34mINFO [0;39m [main] [36morg.apache.catalina.core.StandardService[0;39m - Starting service [Tomcat]
23:37:57.393 [34mINFO [0;39m [main] [36morg.apache.catalina.core.StandardEngine[0;39m - Starting Servlet Engine: Apache Tomcat/9.0.12
23:37:57.406 [34mINFO [0;39m [main] [36morg.apache.catalina.core.AprLifecycleListener[0;39m - The APR based Apache Tomcat Native library which allows optimal performance in production environments was not found on the java.library.path: [C:\Java\jdk1.8.0_161\bin;C:\WINDOWS\Sun\Java\bin;C:\WINDOWS\system32;C:\WINDOWS;D:\hadoop-2.6.4\bin;C:\scala\bin;D:\Spark\bin;C:\Program Files\Docker\Docker\Resources\bin;C:\ProgramData\Oracle\Java\javapath;C:\Program Files\Python36\Scripts\;C:\Program Files\Python36\;C:\Program Files (x86)\Intel\iCLS Client\;C:\Program Files\Intel\iCLS Client\;C:\Windows\system32;C:\Windows;C:\Windows\System32\Wbem;C:\Windows\System32\WindowsPowerShell\v1.0\;C:\Program Files (x86)\Intel\Intel(R) Management Engine Components\DAL;C:\Program Files\Intel\Intel(R) Management Engine Components\DAL;C:\Program Files (x86)\Intel\Intel(R) Management Engine Components\IPT;C:\Program Files\Intel\Intel(R) Management Engine Components\IPT;C:\Program Files (x86)\NVIDIA Corporation\PhysX\Common;C:\Program Files\Intel\WiFi\bin\;C:\Program Files\Common Files\Intel\WirelessCommon\;C:\WINDOWS\system32;C:\WINDOWS;C:\WINDOWS\System32\Wbem;C:\WINDOWS\System32\WindowsPowerShell\v1.0\;C:\Java\jdk1.8.0_161\bin;C:\Program Files\TortoiseSVN\bin;D:\Program Files (x86)\IDM Computer Solutions\UltraEdit;C:\Program Files (x86)\Java\adbgjb\adb.exe;C:\Program Files\Python36;C:\Program Files\Git\cmd;C:\Program Files\go\bin;D:\nodejs;D:\nodejs\node_global\node_modules\grunt\bin;D:\nodejs\node_global;D:\maven\apache-maven-3.3.1\eastmoney-maven\bin;C:\proto\protoc-3.5.1-win32\bin;C:\WINDOWS\System32\OpenSSH\;D:\Tools\redis-6380\64bit\;C:\Users\chs\AppData\Local\Programs\Python\Python36\Scripts\;C:\Users\chs\AppData\Local\Programs\Python\Python36\;C:\Users\chs\AppData\Local\Microsoft\WindowsApps;C:\Program Files (x86)\SSH Communications Security\SSH Secure Shell;C:\Users\chs\AppData\Local\Programs\Fiddler;C:\Users\chs\AppData\Local\GitHubDesktop\bin;%USERPROFILE%\AppData\Local\Microsoft\WindowsApps;;.]
23:37:57.567 [34mINFO [0;39m [main] [36morg.apache.catalina.core.ContainerBase.[Tomcat].[localhost].[/][0;39m - Initializing Spring embedded WebApplicationContext
23:37:57.568 [34mINFO [0;39m [main] [36morg.springframework.web.context.ContextLoader[0;39m - Root WebApplicationContext: initialization completed in 3595 ms
23:37:57.704 [34mINFO [0;39m [main] [36morg.springframework.boot.web.servlet.ServletRegistrationBean[0;39m - Servlet dispatcherServlet mapped to [/]
23:37:57.711 [34mINFO [0;39m [main] [36morg.springframework.boot.web.servlet.FilterRegistrationBean[0;39m - Mapping filter: 'characterEncodingFilter' to: [/*]
23:37:57.712 [34mINFO [0;39m [main] [36morg.springframework.boot.web.servlet.FilterRegistrationBean[0;39m - Mapping filter: 'hiddenHttpMethodFilter' to: [/*]
23:37:57.712 [34mINFO [0;39m [main] [36morg.springframework.boot.web.servlet.FilterRegistrationBean[0;39m - Mapping filter: 'formContentFilter' to: [/*]
23:37:57.713 [34mINFO [0;39m [main] [36morg.springframework.boot.web.servlet.FilterRegistrationBean[0;39m - Mapping filter: 'requestContextFilter' to: [/*]
23:37:59.421 [34mINFO [0;39m [main] [36morg.springframework.scheduling.concurrent.ThreadPoolTaskExecutor[0;39m - Initializing ExecutorService 'applicationTaskExecutor'
23:37:59.943 [34mINFO [0;39m [main] [36morg.quartz.impl.StdSchedulerFactory[0;39m - Using default implementation for ThreadExecutor
23:37:59.966 [34mINFO [0;39m [main] [36morg.quartz.core.SchedulerSignalerImpl[0;39m - Initialized Scheduler Signaller of type: class org.quartz.core.SchedulerSignalerImpl
23:37:59.966 [34mINFO [0;39m [main] [36morg.quartz.core.QuartzScheduler[0;39m - Quartz Scheduler v.2.2.2 created.
23:37:59.967 [34mINFO [0;39m [main] [36morg.quartz.simpl.RAMJobStore[0;39m - RAMJobStore initialized.
23:37:59.969 [34mINFO [0;39m [main] [36morg.quartz.core.QuartzScheduler[0;39m - Scheduler meta-data: Quartz Scheduler (v2.2.2) 'quartzScheduler' with instanceId 'NON_CLUSTERED'
  Scheduler class: 'org.quartz.core.QuartzScheduler' - running locally.
  NOT STARTED.
  Currently in standby mode.
  Number of jobs executed: 0
  Using thread pool 'org.quartz.simpl.SimpleThreadPool' - with 10 threads.
  Using job-store 'org.quartz.simpl.RAMJobStore' - which does not support persistence. and is not clustered.

23:37:59.969 [34mINFO [0;39m [main] [36morg.quartz.impl.StdSchedulerFactory[0;39m - Quartz scheduler 'quartzScheduler' initialized from an externally provided properties instance.
23:37:59.969 [34mINFO [0;39m [main] [36morg.quartz.impl.StdSchedulerFactory[0;39m - Quartz scheduler version: 2.2.2
23:37:59.969 [34mINFO [0;39m [main] [36morg.quartz.core.QuartzScheduler[0;39m - JobFactory set to: org.springframework.scheduling.quartz.SpringBeanJobFactory@6adcf059
23:38:00.003 [34mINFO [0;39m [main] [36morg.springframework.scheduling.concurrent.ThreadPoolTaskScheduler[0;39m - Initializing ExecutorService 'taskScheduler'
23:38:00.093 [34mINFO [0;39m [main] [36morg.springframework.scheduling.quartz.SchedulerFactoryBean[0;39m - Starting Quartz Scheduler now
23:38:00.093 [34mINFO [0;39m [main] [36morg.quartz.core.QuartzScheduler[0;39m - Scheduler quartzScheduler_$_NON_CLUSTERED started.
23:38:00.111 [34mINFO [0;39m [main] [36mspringfox.documentation.spring.web.plugins.DocumentationPluginsBootstrapper[0;39m - Context refreshed
23:38:00.136 [34mINFO [0;39m [main] [36mspringfox.documentation.spring.web.plugins.DocumentationPluginsBootstrapper[0;39m - Found 1 custom documentation plugin(s)
23:38:00.147 [34mINFO [0;39m [main] [36mspringfox.documentation.spring.web.scanners.ApiListingReferenceScanner[0;39m - Scanning for api listing references
23:38:00.334 [34mINFO [0;39m [main] [36morg.apache.coyote.http11.Http11NioProtocol[0;39m - Starting ProtocolHandler ["http-nio-auto-1"]
23:38:00.354 [34mINFO [0;39m [main] [36morg.apache.tomcat.util.net.NioSelectorPool[0;39m - Using a shared selector for servlet write/read
23:38:00.383 [34mINFO [0;39m [main] [36morg.springframework.boot.web.embedded.tomcat.TomcatWebServer[0;39m - Tomcat started on port(s): 62504 (http) with context path ''
23:38:00.388 [34mINFO [0;39m [main] [36mcom.bt.monitor.service.NormalServiceTest[0;39m - Started NormalServiceTest in 6.846 seconds (JVM running for 8.376)
23:38:50.756 [34mINFO [0;39m [Thread-3] [36morg.quartz.core.QuartzScheduler[0;39m - Scheduler quartzScheduler_$_NON_CLUSTERED paused.
23:38:50.758 [34mINFO [0;39m [Thread-3] [36morg.springframework.scheduling.concurrent.ThreadPoolTaskScheduler[0;39m - Shutting down ExecutorService 'taskScheduler'
23:38:50.759 [34mINFO [0;39m [Thread-3] [36morg.springframework.scheduling.quartz.SchedulerFactoryBean[0;39m - Shutting down Quartz Scheduler
23:38:50.759 [34mINFO [0;39m [Thread-3] [36morg.quartz.core.QuartzScheduler[0;39m - Scheduler quartzScheduler_$_NON_CLUSTERED shutting down.
23:38:50.759 [34mINFO [0;39m [Thread-3] [36morg.quartz.core.QuartzScheduler[0;39m - Scheduler quartzScheduler_$_NON_CLUSTERED paused.
23:38:50.760 [34mINFO [0;39m [Thread-3] [36morg.quartz.core.QuartzScheduler[0;39m - Scheduler quartzScheduler_$_NON_CLUSTERED shutdown complete.
23:38:50.761 [34mINFO [0;39m [Thread-3] [36morg.springframework.scheduling.concurrent.ThreadPoolTaskExecutor[0;39m - Shutting down ExecutorService 'applicationTaskExecutor'
23:39:30.124 [34mINFO [0;39m [main] [36morg.springframework.boot.test.context.SpringBootTestContextBootstrapper[0;39m - Neither @ContextConfiguration nor @ContextHierarchy found for test class [com.bt.monitor.service.NormalServiceTest], using SpringBootContextLoader
23:39:30.132 [34mINFO [0;39m [main] [36morg.springframework.test.context.support.AbstractContextLoader[0;39m - Could not detect default resource locations for test class [com.bt.monitor.service.NormalServiceTest]: no resource found for suffixes {-context.xml, Context.groovy}.
23:39:30.465 [34mINFO [0;39m [main] [36morg.springframework.boot.test.context.SpringBootTestContextBootstrapper[0;39m - Loaded default TestExecutionListener class names from location [META-INF/spring.factories]: [org.springframework.boot.test.mock.mockito.MockitoTestExecutionListener, org.springframework.boot.test.mock.mockito.ResetMocksTestExecutionListener, org.springframework.boot.test.autoconfigure.restdocs.RestDocsTestExecutionListener, org.springframework.boot.test.autoconfigure.web.client.MockRestServiceServerResetTestExecutionListener, org.springframework.boot.test.autoconfigure.web.servlet.MockMvcPrintOnlyOnFailureTestExecutionListener, org.springframework.boot.test.autoconfigure.web.servlet.WebDriverTestExecutionListener, org.springframework.test.context.web.ServletTestExecutionListener, org.springframework.test.context.support.DirtiesContextBeforeModesTestExecutionListener, org.springframework.test.context.support.DependencyInjectionTestExecutionListener, org.springframework.test.context.support.DirtiesContextTestExecutionListener, org.springframework.test.context.transaction.TransactionalTestExecutionListener, org.springframework.test.context.jdbc.SqlScriptsTestExecutionListener]
23:39:30.489 [34mINFO [0;39m [main] [36morg.springframework.boot.test.context.SpringBootTestContextBootstrapper[0;39m - Using TestExecutionListeners: [org.springframework.test.context.web.ServletTestExecutionListener@345f69f3, org.springframework.test.context.support.DirtiesContextBeforeModesTestExecutionListener@50de186c, org.springframework.boot.test.mock.mockito.MockitoTestExecutionListener@3f57bcad, org.springframework.boot.test.autoconfigure.SpringBootDependencyInjectionTestExecutionListener@1e8b7643, org.springframework.test.context.support.DirtiesContextTestExecutionListener@51549490, org.springframework.test.context.transaction.TransactionalTestExecutionListener@71e9ebae, org.springframework.test.context.jdbc.SqlScriptsTestExecutionListener@73d983ea, org.springframework.boot.test.mock.mockito.ResetMocksTestExecutionListener@36a5cabc, org.springframework.boot.test.autoconfigure.restdocs.RestDocsTestExecutionListener@432038ec, org.springframework.boot.test.autoconfigure.web.client.MockRestServiceServerResetTestExecutionListener@7daa0fbd, org.springframework.boot.test.autoconfigure.web.servlet.MockMvcPrintOnlyOnFailureTestExecutionListener@42530531, org.springframework.boot.test.autoconfigure.web.servlet.WebDriverTestExecutionListener@5a3bc7ed]
23:39:30.953 [34mINFO [0;39m [main] [36mcom.bt.monitor.service.NormalServiceTest[0;39m - Starting NormalServiceTest on auguszero with PID 16984 (started by chs in F:\github\monitor)
23:39:30.954 [34mINFO [0;39m [main] [36mcom.bt.monitor.service.NormalServiceTest[0;39m - No active profile set, falling back to default profiles: default
23:39:32.539 [34mINFO [0;39m [main] [36morg.springframework.data.repository.config.RepositoryConfigurationDelegate[0;39m - Multiple Spring Data modules found, entering strict repository configuration mode!
23:39:32.542 [34mINFO [0;39m [main] [36morg.springframework.data.repository.config.RepositoryConfigurationDelegate[0;39m - Bootstrapping Spring Data repositories in DEFAULT mode.
23:39:32.582 [34mINFO [0;39m [main] [36morg.springframework.data.repository.config.RepositoryConfigurationDelegate[0;39m - Finished Spring Data repository scanning in 21ms. Found 0 repository interfaces.
23:39:34.540 [34mINFO [0;39m [main] [36morg.springframework.boot.web.embedded.tomcat.TomcatWebServer[0;39m - Tomcat initialized with port(s): 0 (http)
23:39:34.559 [34mINFO [0;39m [main] [36morg.apache.coyote.http11.Http11NioProtocol[0;39m - Initializing ProtocolHandler ["http-nio-auto-1"]
23:39:34.568 [34mINFO [0;39m [main] [36morg.apache.catalina.core.StandardService[0;39m - Starting service [Tomcat]
23:39:34.568 [34mINFO [0;39m [main] [36morg.apache.catalina.core.StandardEngine[0;39m - Starting Servlet Engine: Apache Tomcat/9.0.12
23:39:34.581 [34mINFO [0;39m [main] [36morg.apache.catalina.core.AprLifecycleListener[0;39m - The APR based Apache Tomcat Native library which allows optimal performance in production environments was not found on the java.library.path: [C:\Java\jdk1.8.0_161\bin;C:\WINDOWS\Sun\Java\bin;C:\WINDOWS\system32;C:\WINDOWS;D:\hadoop-2.6.4\bin;C:\scala\bin;D:\Spark\bin;C:\Program Files\Docker\Docker\Resources\bin;C:\ProgramData\Oracle\Java\javapath;C:\Program Files\Python36\Scripts\;C:\Program Files\Python36\;C:\Program Files (x86)\Intel\iCLS Client\;C:\Program Files\Intel\iCLS Client\;C:\Windows\system32;C:\Windows;C:\Windows\System32\Wbem;C:\Windows\System32\WindowsPowerShell\v1.0\;C:\Program Files (x86)\Intel\Intel(R) Management Engine Components\DAL;C:\Program Files\Intel\Intel(R) Management Engine Components\DAL;C:\Program Files (x86)\Intel\Intel(R) Management Engine Components\IPT;C:\Program Files\Intel\Intel(R) Management Engine Components\IPT;C:\Program Files (x86)\NVIDIA Corporation\PhysX\Common;C:\Program Files\Intel\WiFi\bin\;C:\Program Files\Common Files\Intel\WirelessCommon\;C:\WINDOWS\system32;C:\WINDOWS;C:\WINDOWS\System32\Wbem;C:\WINDOWS\System32\WindowsPowerShell\v1.0\;C:\Java\jdk1.8.0_161\bin;C:\Program Files\TortoiseSVN\bin;D:\Program Files (x86)\IDM Computer Solutions\UltraEdit;C:\Program Files (x86)\Java\adbgjb\adb.exe;C:\Program Files\Python36;C:\Program Files\Git\cmd;C:\Program Files\go\bin;D:\nodejs;D:\nodejs\node_global\node_modules\grunt\bin;D:\nodejs\node_global;D:\maven\apache-maven-3.3.1\eastmoney-maven\bin;C:\proto\protoc-3.5.1-win32\bin;C:\WINDOWS\System32\OpenSSH\;D:\Tools\redis-6380\64bit\;C:\Users\chs\AppData\Local\Programs\Python\Python36\Scripts\;C:\Users\chs\AppData\Local\Programs\Python\Python36\;C:\Users\chs\AppData\Local\Microsoft\WindowsApps;C:\Program Files (x86)\SSH Communications Security\SSH Secure Shell;C:\Users\chs\AppData\Local\Programs\Fiddler;C:\Users\chs\AppData\Local\GitHubDesktop\bin;%USERPROFILE%\AppData\Local\Microsoft\WindowsApps;;.]
23:39:34.758 [34mINFO [0;39m [main] [36morg.apache.catalina.core.ContainerBase.[Tomcat].[localhost].[/][0;39m - Initializing Spring embedded WebApplicationContext
23:39:34.758 [34mINFO [0;39m [main] [36morg.springframework.web.context.ContextLoader[0;39m - Root WebApplicationContext: initialization completed in 3776 ms
23:39:34.894 [34mINFO [0;39m [main] [36morg.springframework.boot.web.servlet.ServletRegistrationBean[0;39m - Servlet dispatcherServlet mapped to [/]
23:39:34.902 [34mINFO [0;39m [main] [36morg.springframework.boot.web.servlet.FilterRegistrationBean[0;39m - Mapping filter: 'characterEncodingFilter' to: [/*]
23:39:34.902 [34mINFO [0;39m [main] [36morg.springframework.boot.web.servlet.FilterRegistrationBean[0;39m - Mapping filter: 'hiddenHttpMethodFilter' to: [/*]
23:39:34.902 [34mINFO [0;39m [main] [36morg.springframework.boot.web.servlet.FilterRegistrationBean[0;39m - Mapping filter: 'formContentFilter' to: [/*]
23:39:34.902 [34mINFO [0;39m [main] [36morg.springframework.boot.web.servlet.FilterRegistrationBean[0;39m - Mapping filter: 'requestContextFilter' to: [/*]
23:39:36.611 [34mINFO [0;39m [main] [36morg.springframework.scheduling.concurrent.ThreadPoolTaskExecutor[0;39m - Initializing ExecutorService 'applicationTaskExecutor'
23:39:37.156 [34mINFO [0;39m [main] [36morg.quartz.impl.StdSchedulerFactory[0;39m - Using default implementation for ThreadExecutor
23:39:37.178 [34mINFO [0;39m [main] [36morg.quartz.core.SchedulerSignalerImpl[0;39m - Initialized Scheduler Signaller of type: class org.quartz.core.SchedulerSignalerImpl
23:39:37.178 [34mINFO [0;39m [main] [36morg.quartz.core.QuartzScheduler[0;39m - Quartz Scheduler v.2.2.2 created.
23:39:37.180 [34mINFO [0;39m [main] [36morg.quartz.simpl.RAMJobStore[0;39m - RAMJobStore initialized.
23:39:37.181 [34mINFO [0;39m [main] [36morg.quartz.core.QuartzScheduler[0;39m - Scheduler meta-data: Quartz Scheduler (v2.2.2) 'quartzScheduler' with instanceId 'NON_CLUSTERED'
  Scheduler class: 'org.quartz.core.QuartzScheduler' - running locally.
  NOT STARTED.
  Currently in standby mode.
  Number of jobs executed: 0
  Using thread pool 'org.quartz.simpl.SimpleThreadPool' - with 10 threads.
  Using job-store 'org.quartz.simpl.RAMJobStore' - which does not support persistence. and is not clustered.

23:39:37.181 [34mINFO [0;39m [main] [36morg.quartz.impl.StdSchedulerFactory[0;39m - Quartz scheduler 'quartzScheduler' initialized from an externally provided properties instance.
23:39:37.181 [34mINFO [0;39m [main] [36morg.quartz.impl.StdSchedulerFactory[0;39m - Quartz scheduler version: 2.2.2
23:39:37.181 [34mINFO [0;39m [main] [36morg.quartz.core.QuartzScheduler[0;39m - JobFactory set to: org.springframework.scheduling.quartz.SpringBeanJobFactory@6339e604
23:39:37.220 [34mINFO [0;39m [main] [36morg.springframework.scheduling.concurrent.ThreadPoolTaskScheduler[0;39m - Initializing ExecutorService 'taskScheduler'
23:39:37.304 [34mINFO [0;39m [main] [36morg.springframework.scheduling.quartz.SchedulerFactoryBean[0;39m - Starting Quartz Scheduler now
23:39:37.304 [34mINFO [0;39m [main] [36morg.quartz.core.QuartzScheduler[0;39m - Scheduler quartzScheduler_$_NON_CLUSTERED started.
23:39:37.315 [34mINFO [0;39m [main] [36mspringfox.documentation.spring.web.plugins.DocumentationPluginsBootstrapper[0;39m - Context refreshed
23:39:37.338 [34mINFO [0;39m [main] [36mspringfox.documentation.spring.web.plugins.DocumentationPluginsBootstrapper[0;39m - Found 1 custom documentation plugin(s)
23:39:37.350 [34mINFO [0;39m [main] [36mspringfox.documentation.spring.web.scanners.ApiListingReferenceScanner[0;39m - Scanning for api listing references
23:39:37.541 [34mINFO [0;39m [main] [36morg.apache.coyote.http11.Http11NioProtocol[0;39m - Starting ProtocolHandler ["http-nio-auto-1"]
23:39:37.562 [34mINFO [0;39m [main] [36morg.apache.tomcat.util.net.NioSelectorPool[0;39m - Using a shared selector for servlet write/read
23:39:37.588 [34mINFO [0;39m [main] [36morg.springframework.boot.web.embedded.tomcat.TomcatWebServer[0;39m - Tomcat started on port(s): 62531 (http) with context path ''
23:39:37.594 [34mINFO [0;39m [main] [36mcom.bt.monitor.service.NormalServiceTest[0;39m - Started NormalServiceTest in 7.029 seconds (JVM running for 8.539)
23:41:00.358 [34mINFO [0;39m [Thread-3] [36morg.quartz.core.QuartzScheduler[0;39m - Scheduler quartzScheduler_$_NON_CLUSTERED paused.
23:41:00.361 [34mINFO [0;39m [Thread-3] [36morg.springframework.scheduling.concurrent.ThreadPoolTaskScheduler[0;39m - Shutting down ExecutorService 'taskScheduler'
23:41:00.361 [34mINFO [0;39m [Thread-3] [36morg.springframework.scheduling.quartz.SchedulerFactoryBean[0;39m - Shutting down Quartz Scheduler
23:41:00.362 [34mINFO [0;39m [Thread-3] [36morg.quartz.core.QuartzScheduler[0;39m - Scheduler quartzScheduler_$_NON_CLUSTERED shutting down.
23:41:00.362 [34mINFO [0;39m [Thread-3] [36morg.quartz.core.QuartzScheduler[0;39m - Scheduler quartzScheduler_$_NON_CLUSTERED paused.
23:41:00.363 [34mINFO [0;39m [Thread-3] [36morg.quartz.core.QuartzScheduler[0;39m - Scheduler quartzScheduler_$_NON_CLUSTERED shutdown complete.
23:41:00.366 [34mINFO [0;39m [Thread-3] [36morg.springframework.scheduling.concurrent.ThreadPoolTaskExecutor[0;39m - Shutting down ExecutorService 'applicationTaskExecutor'
23:41:00.505 [34mINFO [0;39m [scheduling-1] [36mio.lettuce.core.EpollProvider[0;39m - Starting without optional epoll library
23:41:00.508 [34mINFO [0;39m [scheduling-1] [36mio.lettuce.core.KqueueProvider[0;39m - Starting without optional kqueue library
23:53:33.987 [34mINFO [0;39m [main] [36morg.springframework.boot.test.context.SpringBootTestContextBootstrapper[0;39m - Neither @ContextConfiguration nor @ContextHierarchy found for test class [com.bt.monitor.service.NormalServiceTest], using SpringBootContextLoader
23:53:33.997 [34mINFO [0;39m [main] [36morg.springframework.test.context.support.AbstractContextLoader[0;39m - Could not detect default resource locations for test class [com.bt.monitor.service.NormalServiceTest]: no resource found for suffixes {-context.xml, Context.groovy}.
23:53:34.353 [34mINFO [0;39m [main] [36morg.springframework.boot.test.context.SpringBootTestContextBootstrapper[0;39m - Loaded default TestExecutionListener class names from location [META-INF/spring.factories]: [org.springframework.boot.test.mock.mockito.MockitoTestExecutionListener, org.springframework.boot.test.mock.mockito.ResetMocksTestExecutionListener, org.springframework.boot.test.autoconfigure.restdocs.RestDocsTestExecutionListener, org.springframework.boot.test.autoconfigure.web.client.MockRestServiceServerResetTestExecutionListener, org.springframework.boot.test.autoconfigure.web.servlet.MockMvcPrintOnlyOnFailureTestExecutionListener, org.springframework.boot.test.autoconfigure.web.servlet.WebDriverTestExecutionListener, org.springframework.test.context.web.ServletTestExecutionListener, org.springframework.test.context.support.DirtiesContextBeforeModesTestExecutionListener, org.springframework.test.context.support.DependencyInjectionTestExecutionListener, org.springframework.test.context.support.DirtiesContextTestExecutionListener, org.springframework.test.context.transaction.TransactionalTestExecutionListener, org.springframework.test.context.jdbc.SqlScriptsTestExecutionListener]
23:53:34.375 [34mINFO [0;39m [main] [36morg.springframework.boot.test.context.SpringBootTestContextBootstrapper[0;39m - Using TestExecutionListeners: [org.springframework.test.context.web.ServletTestExecutionListener@345f69f3, org.springframework.test.context.support.DirtiesContextBeforeModesTestExecutionListener@50de186c, org.springframework.boot.test.mock.mockito.MockitoTestExecutionListener@3f57bcad, org.springframework.boot.test.autoconfigure.SpringBootDependencyInjectionTestExecutionListener@1e8b7643, org.springframework.test.context.support.DirtiesContextTestExecutionListener@51549490, org.springframework.test.context.transaction.TransactionalTestExecutionListener@71e9ebae, org.springframework.test.context.jdbc.SqlScriptsTestExecutionListener@73d983ea, org.springframework.boot.test.mock.mockito.ResetMocksTestExecutionListener@36a5cabc, org.springframework.boot.test.autoconfigure.restdocs.RestDocsTestExecutionListener@432038ec, org.springframework.boot.test.autoconfigure.web.client.MockRestServiceServerResetTestExecutionListener@7daa0fbd, org.springframework.boot.test.autoconfigure.web.servlet.MockMvcPrintOnlyOnFailureTestExecutionListener@42530531, org.springframework.boot.test.autoconfigure.web.servlet.WebDriverTestExecutionListener@5a3bc7ed]
23:53:34.833 [34mINFO [0;39m [main] [36mcom.bt.monitor.service.NormalServiceTest[0;39m - Starting NormalServiceTest on auguszero with PID 11932 (started by chs in F:\github\monitor)
23:53:34.834 [34mINFO [0;39m [main] [36mcom.bt.monitor.service.NormalServiceTest[0;39m - No active profile set, falling back to default profiles: default
23:53:36.555 [34mINFO [0;39m [main] [36morg.springframework.data.repository.config.RepositoryConfigurationDelegate[0;39m - Multiple Spring Data modules found, entering strict repository configuration mode!
23:53:36.560 [34mINFO [0;39m [main] [36morg.springframework.data.repository.config.RepositoryConfigurationDelegate[0;39m - Bootstrapping Spring Data repositories in DEFAULT mode.
23:53:36.607 [34mINFO [0;39m [main] [36morg.springframework.data.repository.config.RepositoryConfigurationDelegate[0;39m - Finished Spring Data repository scanning in 27ms. Found 0 repository interfaces.
23:53:38.539 [34mINFO [0;39m [main] [36morg.springframework.boot.web.embedded.tomcat.TomcatWebServer[0;39m - Tomcat initialized with port(s): 0 (http)
23:53:38.558 [34mINFO [0;39m [main] [36morg.apache.coyote.http11.Http11NioProtocol[0;39m - Initializing ProtocolHandler ["http-nio-auto-1"]
23:53:38.566 [34mINFO [0;39m [main] [36morg.apache.catalina.core.StandardService[0;39m - Starting service [Tomcat]
23:53:38.567 [34mINFO [0;39m [main] [36morg.apache.catalina.core.StandardEngine[0;39m - Starting Servlet Engine: Apache Tomcat/9.0.12
23:53:38.579 [34mINFO [0;39m [main] [36morg.apache.catalina.core.AprLifecycleListener[0;39m - The APR based Apache Tomcat Native library which allows optimal performance in production environments was not found on the java.library.path: [C:\Java\jdk1.8.0_161\bin;C:\WINDOWS\Sun\Java\bin;C:\WINDOWS\system32;C:\WINDOWS;D:\hadoop-2.6.4\bin;C:\scala\bin;D:\Spark\bin;C:\Program Files\Docker\Docker\Resources\bin;C:\ProgramData\Oracle\Java\javapath;C:\Program Files\Python36\Scripts\;C:\Program Files\Python36\;C:\Program Files (x86)\Intel\iCLS Client\;C:\Program Files\Intel\iCLS Client\;C:\Windows\system32;C:\Windows;C:\Windows\System32\Wbem;C:\Windows\System32\WindowsPowerShell\v1.0\;C:\Program Files (x86)\Intel\Intel(R) Management Engine Components\DAL;C:\Program Files\Intel\Intel(R) Management Engine Components\DAL;C:\Program Files (x86)\Intel\Intel(R) Management Engine Components\IPT;C:\Program Files\Intel\Intel(R) Management Engine Components\IPT;C:\Program Files (x86)\NVIDIA Corporation\PhysX\Common;C:\Program Files\Intel\WiFi\bin\;C:\Program Files\Common Files\Intel\WirelessCommon\;C:\WINDOWS\system32;C:\WINDOWS;C:\WINDOWS\System32\Wbem;C:\WINDOWS\System32\WindowsPowerShell\v1.0\;C:\Java\jdk1.8.0_161\bin;C:\Program Files\TortoiseSVN\bin;D:\Program Files (x86)\IDM Computer Solutions\UltraEdit;C:\Program Files (x86)\Java\adbgjb\adb.exe;C:\Program Files\Python36;C:\Program Files\Git\cmd;C:\Program Files\go\bin;D:\nodejs;D:\nodejs\node_global\node_modules\grunt\bin;D:\nodejs\node_global;D:\maven\apache-maven-3.3.1\eastmoney-maven\bin;C:\proto\protoc-3.5.1-win32\bin;C:\WINDOWS\System32\OpenSSH\;D:\Tools\redis-6380\64bit\;C:\Users\chs\AppData\Local\Programs\Python\Python36\Scripts\;C:\Users\chs\AppData\Local\Programs\Python\Python36\;C:\Users\chs\AppData\Local\Microsoft\WindowsApps;C:\Program Files (x86)\SSH Communications Security\SSH Secure Shell;C:\Users\chs\AppData\Local\Programs\Fiddler;C:\Users\chs\AppData\Local\GitHubDesktop\bin;%USERPROFILE%\AppData\Local\Microsoft\WindowsApps;;.]
23:53:38.733 [34mINFO [0;39m [main] [36morg.apache.catalina.core.ContainerBase.[Tomcat].[localhost].[/][0;39m - Initializing Spring embedded WebApplicationContext
23:53:38.734 [34mINFO [0;39m [main] [36morg.springframework.web.context.ContextLoader[0;39m - Root WebApplicationContext: initialization completed in 3867 ms
23:53:38.880 [34mINFO [0;39m [main] [36morg.springframework.boot.web.servlet.ServletRegistrationBean[0;39m - Servlet dispatcherServlet mapped to [/]
23:53:38.887 [34mINFO [0;39m [main] [36morg.springframework.boot.web.servlet.FilterRegistrationBean[0;39m - Mapping filter: 'characterEncodingFilter' to: [/*]
23:53:38.887 [34mINFO [0;39m [main] [36morg.springframework.boot.web.servlet.FilterRegistrationBean[0;39m - Mapping filter: 'hiddenHttpMethodFilter' to: [/*]
23:53:38.887 [34mINFO [0;39m [main] [36morg.springframework.boot.web.servlet.FilterRegistrationBean[0;39m - Mapping filter: 'formContentFilter' to: [/*]
23:53:38.888 [34mINFO [0;39m [main] [36morg.springframework.boot.web.servlet.FilterRegistrationBean[0;39m - Mapping filter: 'requestContextFilter' to: [/*]
23:53:39.386 [34mINFO [0;39m [main] [36morg.springframework.scheduling.concurrent.ThreadPoolTaskScheduler[0;39m - Initializing ExecutorService
23:53:40.605 [34mINFO [0;39m [main] [36morg.springframework.scheduling.concurrent.ThreadPoolTaskExecutor[0;39m - Initializing ExecutorService 'applicationTaskExecutor'
23:53:41.150 [34mINFO [0;39m [main] [36morg.quartz.impl.StdSchedulerFactory[0;39m - Using default implementation for ThreadExecutor
23:53:41.170 [34mINFO [0;39m [main] [36morg.quartz.core.SchedulerSignalerImpl[0;39m - Initialized Scheduler Signaller of type: class org.quartz.core.SchedulerSignalerImpl
23:53:41.170 [34mINFO [0;39m [main] [36morg.quartz.core.QuartzScheduler[0;39m - Quartz Scheduler v.2.2.2 created.
23:53:41.172 [34mINFO [0;39m [main] [36morg.quartz.simpl.RAMJobStore[0;39m - RAMJobStore initialized.
23:53:41.173 [34mINFO [0;39m [main] [36morg.quartz.core.QuartzScheduler[0;39m - Scheduler meta-data: Quartz Scheduler (v2.2.2) 'quartzScheduler' with instanceId 'NON_CLUSTERED'
  Scheduler class: 'org.quartz.core.QuartzScheduler' - running locally.
  NOT STARTED.
  Currently in standby mode.
  Number of jobs executed: 0
  Using thread pool 'org.quartz.simpl.SimpleThreadPool' - with 10 threads.
  Using job-store 'org.quartz.simpl.RAMJobStore' - which does not support persistence. and is not clustered.

23:53:41.173 [34mINFO [0;39m [main] [36morg.quartz.impl.StdSchedulerFactory[0;39m - Quartz scheduler 'quartzScheduler' initialized from an externally provided properties instance.
23:53:41.173 [34mINFO [0;39m [main] [36morg.quartz.impl.StdSchedulerFactory[0;39m - Quartz scheduler version: 2.2.2
23:53:41.173 [34mINFO [0;39m [main] [36morg.quartz.core.QuartzScheduler[0;39m - JobFactory set to: org.springframework.scheduling.quartz.SpringBeanJobFactory@3f122cdc
23:53:41.209 [34mINFO [0;39m [main] [36morg.springframework.scheduling.concurrent.ThreadPoolTaskScheduler[0;39m - Initializing ExecutorService 'taskScheduler'
23:53:41.287 [34mINFO [0;39m [main] [36morg.springframework.scheduling.quartz.SchedulerFactoryBean[0;39m - Starting Quartz Scheduler now
23:53:41.287 [34mINFO [0;39m [main] [36morg.quartz.core.QuartzScheduler[0;39m - Scheduler quartzScheduler_$_NON_CLUSTERED started.
23:53:41.302 [34mINFO [0;39m [main] [36mspringfox.documentation.spring.web.plugins.DocumentationPluginsBootstrapper[0;39m - Context refreshed
23:53:41.329 [34mINFO [0;39m [main] [36mspringfox.documentation.spring.web.plugins.DocumentationPluginsBootstrapper[0;39m - Found 1 custom documentation plugin(s)
23:53:41.341 [34mINFO [0;39m [main] [36mspringfox.documentation.spring.web.scanners.ApiListingReferenceScanner[0;39m - Scanning for api listing references
23:53:41.536 [34mINFO [0;39m [main] [36morg.apache.coyote.http11.Http11NioProtocol[0;39m - Starting ProtocolHandler ["http-nio-auto-1"]
23:53:41.559 [34mINFO [0;39m [main] [36morg.apache.tomcat.util.net.NioSelectorPool[0;39m - Using a shared selector for servlet write/read
23:53:41.588 [34mINFO [0;39m [main] [36morg.springframework.boot.web.embedded.tomcat.TomcatWebServer[0;39m - Tomcat started on port(s): 63019 (http) with context path ''
23:53:41.594 [34mINFO [0;39m [main] [36mcom.bt.monitor.service.NormalServiceTest[0;39m - Started NormalServiceTest in 7.135 seconds (JVM running for 8.698)
23:54:53.902 [34mINFO [0;39m [Thread-3] [36morg.quartz.core.QuartzScheduler[0;39m - Scheduler quartzScheduler_$_NON_CLUSTERED paused.
23:54:53.905 [34mINFO [0;39m [Thread-3] [36morg.springframework.scheduling.concurrent.ThreadPoolTaskScheduler[0;39m - Shutting down ExecutorService 'taskScheduler'
23:54:53.905 [34mINFO [0;39m [Thread-3] [36morg.springframework.scheduling.quartz.SchedulerFactoryBean[0;39m - Shutting down Quartz Scheduler
23:54:53.905 [34mINFO [0;39m [Thread-3] [36morg.quartz.core.QuartzScheduler[0;39m - Scheduler quartzScheduler_$_NON_CLUSTERED shutting down.
23:54:53.905 [34mINFO [0;39m [Thread-3] [36morg.quartz.core.QuartzScheduler[0;39m - Scheduler quartzScheduler_$_NON_CLUSTERED paused.
23:54:53.907 [34mINFO [0;39m [Thread-3] [36morg.quartz.core.QuartzScheduler[0;39m - Scheduler quartzScheduler_$_NON_CLUSTERED shutdown complete.
23:54:53.907 [34mINFO [0;39m [Thread-3] [36morg.springframework.scheduling.concurrent.ThreadPoolTaskExecutor[0;39m - Shutting down ExecutorService 'applicationTaskExecutor'
23:54:54.030 [34mINFO [0;39m [scheduling-1] [36mio.lettuce.core.EpollProvider[0;39m - Starting without optional epoll library
23:54:54.032 [34mINFO [0;39m [scheduling-1] [36mio.lettuce.core.KqueueProvider[0;39m - Starting without optional kqueue library
